Log file open, 02/15/19 13:45:13
LogWindows: Failed to load 'aqProf.dll' (GetLastError=126)
LogWindows: File 'aqProf.dll' does not exist
LogWindows: Failed to load 'VtuneApi.dll' (GetLastError=126)
LogWindows: File 'VtuneApi.dll' does not exist
LogWindows: Failed to load 'VtuneApi32e.dll' (GetLastError=126)
LogWindows: File 'VtuneApi32e.dll' does not exist
LogInit: Display: Running engine for game: ProjectParagon
LogPlatformFile: Not using cached read wrapper
LogTaskGraph: Started task graph with 5 named threads and 23 total threads with 3 sets of task threads.
LogStats: Stats thread started at 0.258725
LogD3D11RHI: Loaded GFSDK_Aftermath_Lib.x64.dll
LogICUInternationalization: Display: ICU TimeZone Detection - Raw Offset: -5:00, Platform Override: ''
LogPluginManager: Mounting plugin Paper2D
LogPluginManager: Mounting plugin AISupport
LogPluginManager: Mounting plugin LightPropagationVolume
LogPluginManager: Mounting plugin CLionSourceCodeAccess
LogPluginManager: Mounting plugin CodeLiteSourceCodeAccess
LogPluginManager: Mounting plugin GitSourceControl
LogPluginManager: Mounting plugin KDevelopSourceCodeAccess
LogPluginManager: Mounting plugin NullSourceCodeAccess
LogPluginManager: Mounting plugin PerforceSourceControl
LogPluginManager: Mounting plugin SubversionSourceControl
LogPluginManager: Mounting plugin UObjectPlugin
LogPluginManager: Mounting plugin VisualStudioCodeSourceCodeAccess
LogPluginManager: Mounting plugin VisualStudioSourceCodeAccess
LogPluginManager: Mounting plugin XCodeSourceCodeAccess
LogPluginManager: Mounting plugin AssetManagerEditor
LogPluginManager: Mounting plugin CryptoKeys
LogPluginManager: Mounting plugin DataValidation
LogPluginManager: Mounting plugin FacialAnimation
LogPluginManager: Mounting plugin GameplayTagsEditor
LogPluginManager: Mounting plugin MacGraphicsSwitching
LogPluginManager: Mounting plugin MeshEditor
LogPluginManager: Mounting plugin MobileLauncherProfileWizard
LogPluginManager: Mounting plugin PluginBrowser
LogPluginManager: Mounting plugin SpeedTreeImporter
LogPluginManager: Mounting plugin DatasmithContent
LogPluginManager: Mounting plugin AlembicImporter
LogPluginManager: Mounting plugin AppleImageUtils
LogPluginManager: Mounting plugin AppleVision
LogPluginManager: Mounting plugin BackChannel
LogPluginManager: Mounting plugin CharacterAI
LogPluginManager: Mounting plugin GeometryCache
LogPluginManager: Mounting plugin HTML5Networking
LogPluginManager: Mounting plugin ProxyLODPlugin
LogPluginManager: Mounting plugin GameSparks
LogPluginManager: Mounting plugin MagicLeap
LogPluginManager: Mounting plugin MagicLeapEmulator
LogPluginManager: Mounting plugin MagicLeapMedia
LogPluginManager: Mounting plugin AndroidMedia
LogPluginManager: Mounting plugin AvfMedia
LogPluginManager: Mounting plugin ImgMedia
LogPluginManager: Mounting plugin LinearTimecode
LogPluginManager: Mounting plugin MediaCompositing
LogPluginManager: Mounting plugin MediaPlayerEditor
LogPluginManager: Mounting plugin WmfMedia
LogPluginManager: Mounting plugin TcpMessaging
LogPluginManager: Mounting plugin UdpMessaging
LogPluginManager: Mounting plugin ActorSequence
LogPluginManager: Mounting plugin LevelSequenceEditor
LogPluginManager: Mounting plugin MatineeToLevelSequence
LogPluginManager: Mounting plugin NetcodeUnitTest
LogPluginManager: Mounting plugin NUTUnrealEngine4
LogPluginManager: Mounting plugin OnlineSubsystemGooglePlay
LogPluginManager: Mounting plugin OnlineSubsystemIOS
LogPluginManager: Mounting plugin OnlineSubsystem
LogPluginManager: Mounting plugin OnlineSubsystemNull
LogPluginManager: Mounting plugin OnlineSubsystemUtils
LogPluginManager: Mounting plugin LauncherChunkInstaller
LogPluginManager: Mounting plugin AndroidDeviceProfileSelector
LogPluginManager: Mounting plugin AndroidMoviePlayer
LogPluginManager: Mounting plugin AndroidPermission
LogPluginManager: Mounting plugin AppleMoviePlayer
LogPluginManager: Mounting plugin ArchVisCharacter
LogPluginManager: Mounting plugin AudioCapture
LogPluginManager: Mounting plugin CableComponent
LogPluginManager: Mounting plugin CustomMeshComponent
LogPluginManager: Mounting plugin EditableMesh
LogPluginManager: Mounting plugin ExampleDeviceProfileSelector
LogPluginManager: Mounting plugin GoogleCloudMessaging
LogPluginManager: Mounting plugin ImmediatePhysics
LogPluginManager: Mounting plugin IOSDeviceProfileSelector
LogPluginManager: Mounting plugin LinuxDeviceProfileSelector
LogPluginManager: Mounting plugin LocationServicesBPLibrary
LogPluginManager: Mounting plugin MobilePatchingUtils
LogPluginManager: Mounting plugin OculusVR
LogPluginManager: Plugin shader directory ../../../Engine/Plugins/Runtime/Oculus/OculusVR/Shaders found
LogPluginManager: Mapping shader source directory ../../../Engine/Plugins/Runtime/Oculus/OculusVR/Shaders to virtual directory /Plugin/OculusVR
LogPluginManager: Mounting plugin PhysXVehicles
LogPluginManager: Mounting plugin ProceduralMeshComponent
LogPluginManager: Mounting plugin RuntimePhysXCooking
LogPluginManager: Mounting plugin SteamVR
LogPluginManager: Mounting plugin WindowsMoviePlayer
LogStreaming: Display: Took  0.283s to configure plugins.
LogInit: Using libcurl 7.55.1-DEV
LogInit:  - built for x86_64-pc-win32
LogInit:  - supports SSL with OpenSSL/1.0.2h
LogInit:  - supports HTTP deflate (compression) using libz 1.2.8
LogInit:  - other features:
LogInit:      CURL_VERSION_SSL
LogInit:      CURL_VERSION_LIBZ
LogInit:      CURL_VERSION_IPV6
LogInit:      CURL_VERSION_ASYNCHDNS
LogInit:      CURL_VERSION_LARGEFILE
LogInit:      CURL_VERSION_IDN
LogInit:  CurlRequestOptions (configurable via config and command line):
LogInit:  - bVerifyPeer = false  - Libcurl will NOT verify peer certificate
LogInit:  - bUseHttpProxy = false  - Libcurl will NOT use HTTP proxy
LogInit:  - bDontReuseConnections = false  - Libcurl will reuse connections
LogInit:  - CertBundlePath = nullptr  - Libcurl will use whatever was configured at build time.
LogInit:  - MaxHostConnections = 16  - Libcurl will limit the number of connections to a host
LogInit:  - LocalHostAddr = Default
LogInit:  - BufferSize = 65536
LogInit: WinSock: version 1.1 (2.2), MaxSocks=32767, MaxUdp=65467
LogInit: Build: ++UE4+Release-4.20-CL-4369336
LogInit: Engine Version: 4.20.3-4369336+++UE4+Release-4.20
LogInit: Compatible Engine Version: 4.20.0-4212847+++UE4+Release-4.20
LogInit: Net CL: 4212847
LogInit: OS: Windows 10 (), CPU: Intel(R) Core(TM) i7-7700K CPU @ 4.20GHz, GPU: NVIDIA GeForce GTX 1080
LogInit: Compiled (64-bit): Sep 17 2018 12:26:19
LogInit: Compiled with Visual C++: 19.13.26129.00
LogInit: Build Configuration: Development
LogInit: Branch Name: ++UE4+Release-4.20
LogInit: Command Line:  
LogInit: Base Directory: D:/Program Files (x86)/Epic Games/UE_4.20/Engine/Binaries/Win64/
LogInit: Installed Engine Build: 1
LogDevObjectVersion: Number of dev versions registered: 20
LogDevObjectVersion:   Dev-Blueprints (B0D832E4-1F89-4F0D-ACCF-7EB736FD4AA2): 10
LogDevObjectVersion:   Dev-Build (E1C64328-A22C-4D53-A36C-8E866417BD8C): 0
LogDevObjectVersion:   Dev-Core (375EC13C-06E4-48FB-B500-84F0262A717E): 2
LogDevObjectVersion:   Dev-Editor (E4B068ED-F494-42E9-A231-DA0B2E46BB41): 24
LogDevObjectVersion:   Dev-Framework (CFFC743F-43B0-4480-9391-14DF171D2073): 34
LogDevObjectVersion:   Dev-Mobile (B02B49B5-BB20-44E9-A304-32B752E40360): 2
LogDevObjectVersion:   Dev-Networking (A4E4105C-59A1-49B5-A7C5-40C4547EDFEE): 0
LogDevObjectVersion:   Dev-Online (39C831C9-5AE6-47DC-9A44-9C173E1C8E7C): 0
LogDevObjectVersion:   Dev-Physics (78F01B33-EBEA-4F98-B9B4-84EACCB95AA2): 0
LogDevObjectVersion:   Dev-Platform (6631380F-2D4D-43E0-8009-CF276956A95A): 0
LogDevObjectVersion:   Dev-Rendering (12F88B9F-8875-4AFC-A67C-D90C383ABD29): 26
LogDevObjectVersion:   Dev-Sequencer (7B5AE74C-D270-4C10-A958-57980B212A5A): 9
LogDevObjectVersion:   Dev-VR (D7296918-1DD6-4BDD-9DE2-64A83CC13884): 2
LogDevObjectVersion:   Dev-LoadTimes (C2A15278-BFE7-4AFE-6C17-90FF531DF755): 1
LogDevObjectVersion:   Private-Geometry (6EACA3D4-40EC-4CC1-B786-8BED09428FC5): 3
LogDevObjectVersion:   Dev-AnimPhys (29E575DD-E0A3-4627-9D10-D276232CDCEA): 17
LogDevObjectVersion:   Dev-ReflectionCapture (6B266CEC-1EC7-4B8F-A30B-E4D90942FC07): 1
LogDevObjectVersion:   Dev-Automation (0DF73D61-A23F-47EA-B727-89E90C41499A): 1
LogDevObjectVersion:   FortniteMain (601D1886-AC64-4F84-AA16-D3DE0DEAC7D6): 12
LogDevObjectVersion:   Dev-Enterprise (9DFFBCD6-494F-0158-E221-12823C92A888): 1
LogStreaming: Display: Took  0.000s to delete old logs.
LogInit: Presizing for max 8388607 objects, including 0 objects not considered by GC, pre-allocating 0 bytes for permanent pool.
LogInit: Object subsystem initialized
[2019.02.15-18.45.13:438][  0]LogInit: Selected Device Profile: [Windows]
[2019.02.15-18.45.13:438][  0]LogInit: Applying CVar settings loaded from the selected device profile: [Windows]
[2019.02.15-18.45.13:475][  0]LogHAL: Display: Platform has ~ 32 GB [34286739456 / 34359738368 / 32], which maps to Largest [LargestMinGB=32, LargerMinGB=12, DefaultMinGB=8, SmallerMinGB=6, SmallestMinGB=0)
[2019.02.15-18.45.13:475][  0]LogInit: Setting Device Profile CVar: [[r.Vulkan.UseRealUBs:1]]
[2019.02.15-18.45.13:475][  0]LogInit: Going up to parent DeviceProfile []
[2019.02.15-18.45.13:476][  0]LogInit: Computer: DESKTOP-JPO613A
[2019.02.15-18.45.13:476][  0]LogInit: User: tonym
[2019.02.15-18.45.13:476][  0]LogInit: CPU Page size=4096, Cores=4
[2019.02.15-18.45.13:476][  0]LogInit: High frequency timer resolution =4.101557 MHz
[2019.02.15-18.45.13:476][  0]LogMemory: Memory total: Physical=31.9GB (32GB approx)
[2019.02.15-18.45.13:476][  0]LogMemory: Platform Memory Stats for Windows
[2019.02.15-18.45.13:476][  0]LogMemory: Process Physical Memory: 102.65 MB used, 102.65 MB peak
[2019.02.15-18.45.13:476][  0]LogMemory: Process Virtual Memory: 91.40 MB used, 91.40 MB peak
[2019.02.15-18.45.13:476][  0]LogMemory: Physical Memory: 6574.62 MB used,  26123.77 MB free, 32698.38 MB total
[2019.02.15-18.45.13:476][  0]LogMemory: Virtual Memory: 4647.07 MB used,  26123.77 MB free, 134217728.00 MB total
[2019.02.15-18.45.13:947][  0]LogInit: Using OS detected language (en-US).
[2019.02.15-18.45.13:947][  0]LogInit: Using OS detected locale (en-US).
[2019.02.15-18.45.13:948][  0]LogTextLocalizationManager: No specific localization for 'en-US' exists, so the 'en' localization will be used.
[2019.02.15-18.45.14:213][  0]LogStreaming: Display: Took  0.266s to InitEngineTextLocalization.
[2019.02.15-18.45.14:213][  0]LogInit: Setting process to per monitor DPI aware
[2019.02.15-18.45.14:213][  0]LogInit: Warning: SetProcessDpiAwareness failed.  Error code 80070005
[2019.02.15-18.45.14:246][  0]LogSlate: New Slate User Created.  User Index 0, Is Virtual User: 0
[2019.02.15-18.45.14:246][  0]LogSlate: Slate User Registered.  User Index 0, Is Virtual User: 0
[2019.02.15-18.45.14:383][  0]LogHMD: Failed to initialize OpenVR with code 110
[2019.02.15-18.45.14:383][  0]LogD3D11RHI: D3D11 adapters:
[2019.02.15-18.45.14:429][  0]LogD3D11RHI:    0. 'NVIDIA GeForce GTX 1080' (Feature Level 11_0)
[2019.02.15-18.45.14:429][  0]LogD3D11RHI:       8079/0/16349 MB DedicatedVideo/DedicatedSystem/SharedSystem, Outputs:2, VendorId:0x10de
[2019.02.15-18.45.14:473][  0]LogD3D11RHI:    1. 'NVIDIA GeForce GTX 1080' (Feature Level 11_0)
[2019.02.15-18.45.14:473][  0]LogD3D11RHI:       8079/0/16349 MB DedicatedVideo/DedicatedSystem/SharedSystem, Outputs:0, VendorId:0x10de
[2019.02.15-18.45.14:474][  0]LogD3D11RHI:    2. 'Microsoft Basic Render Driver' (Feature Level 11_0)
[2019.02.15-18.45.14:474][  0]LogD3D11RHI:       0/0/16349 MB DedicatedVideo/DedicatedSystem/SharedSystem, Outputs:0, VendorId:0x1414
[2019.02.15-18.45.14:474][  0]LogD3D11RHI: Chosen D3D11 Adapter: 0
[2019.02.15-18.45.14:480][  0]LogD3D11RHI: Creating new Direct3DDevice
[2019.02.15-18.45.14:480][  0]LogD3D11RHI:     GPU DeviceId: 0x1b80 (for the marketing name, search the web for "GPU Device Id")
[2019.02.15-18.45.14:480][  0]LogWindows: EnumDisplayDevices:
[2019.02.15-18.45.14:480][  0]LogWindows:    0. 'NVIDIA GeForce GTX 1080' (P:0 D:1)
[2019.02.15-18.45.14:480][  0]LogWindows:    1. 'NVIDIA GeForce GTX 1080' (P:1 D:1)
[2019.02.15-18.45.14:481][  0]LogWindows:    2. 'NVIDIA GeForce GTX 1080' (P:0 D:0)
[2019.02.15-18.45.14:481][  0]LogWindows:    3. 'NVIDIA GeForce GTX 1080' (P:0 D:0)
[2019.02.15-18.45.14:481][  0]LogWindows:    4. 'NVIDIA GeForce GTX 1080' (P:0 D:0)
[2019.02.15-18.45.14:481][  0]LogWindows:    5. 'NVIDIA GeForce GTX 1080' (P:0 D:0)
[2019.02.15-18.45.14:481][  0]LogWindows:    6. 'NVIDIA GeForce GTX 1080' (P:0 D:0)
[2019.02.15-18.45.14:481][  0]LogWindows:    7. 'NVIDIA GeForce GTX 1080' (P:0 D:0)
[2019.02.15-18.45.14:481][  0]LogWindows: DebugString: FoundDriverCount:8 
[2019.02.15-18.45.14:481][  0]LogD3D11RHI:     Adapter Name: NVIDIA GeForce GTX 1080
[2019.02.15-18.45.14:481][  0]LogD3D11RHI:   Driver Version: 417.71 (internal:25.21.14.1771, unified:417.71)
[2019.02.15-18.45.14:481][  0]LogD3D11RHI:      Driver Date: 1-11-2019
[2019.02.15-18.45.14:481][  0]LogRHI: Texture pool is 5655 MB (70% of 8079 MB)
[2019.02.15-18.45.14:514][  0]LogD3D11RHI: Async texture creation enabled
[2019.02.15-18.45.14:544][  0]LogD3D11RHI: GPU Timing Frequency: 1000.000000 (Debug: 2 2)
[2019.02.15-18.45.14:634][  0]LogShaderCompilers: Guid format shader working directory is 13 characters bigger than the processId version (E:/ProjectParagon/ProjectParagon/Intermediate/Shaders/WorkingDirectory/15748/).
[2019.02.15-18.45.14:634][  0]LogShaderCompilers: Cleaned the shader compiler working directory 'C:/Users/tonym/AppData/Local/Temp/UnrealShaderWorkingDir/D59798DB4D19D2FF382544AD4B7AADCF/'.
[2019.02.15-18.45.14:821][  0]LogTemp: Display: Loaded TP AllDesktopTargetPlatform
[2019.02.15-18.45.14:831][  0]LogTemp: Display: Loaded TP MacClientTargetPlatform
[2019.02.15-18.45.14:840][  0]LogTemp: Display: Loaded TP MacNoEditorTargetPlatform
[2019.02.15-18.45.14:849][  0]LogTemp: Display: Loaded TP MacServerTargetPlatform
[2019.02.15-18.45.14:858][  0]LogTemp: Display: Loaded TP MacTargetPlatform
[2019.02.15-18.45.14:867][  0]LogTemp: Display: Loaded TP WindowsClientTargetPlatform
[2019.02.15-18.45.14:876][  0]LogTemp: Display: Loaded TP WindowsNoEditorTargetPlatform
[2019.02.15-18.45.14:885][  0]LogTemp: Display: Loaded TP WindowsServerTargetPlatform
[2019.02.15-18.45.14:890][  0]LogTemp: Display: Loaded TP WindowsTargetPlatform
[2019.02.15-18.45.14:951][  0]LogTemp: Display: Loaded TP AndroidTargetPlatform
[2019.02.15-18.45.14:951][  0]LogTemp: Display: Loaded TP AndroidTargetPlatform
[2019.02.15-18.45.14:951][  0]LogTemp: Display: Loaded TP AndroidTargetPlatform
[2019.02.15-18.45.14:951][  0]LogTemp: Display: Loaded TP AndroidTargetPlatform
[2019.02.15-18.45.14:951][  0]LogTemp: Display: Loaded TP AndroidTargetPlatform
[2019.02.15-18.45.14:951][  0]LogTemp: Display: Loaded TP AndroidTargetPlatform
[2019.02.15-18.45.14:951][  0]LogTemp: Display: Loaded TP AndroidTargetPlatform
[2019.02.15-18.45.14:951][  0]LogTemp: Display: Loaded TP AndroidTargetPlatform
[2019.02.15-18.45.14:951][  0]LogTemp: Display: Loaded TP AndroidTargetPlatform
[2019.02.15-18.45.14:951][  0]LogTemp: Display: Loaded TP AndroidTargetPlatform
[2019.02.15-18.45.14:951][  0]LogTemp: Display: Loaded TP AndroidTargetPlatform
[2019.02.15-18.45.14:951][  0]LogTemp: Display: Loaded TP AndroidTargetPlatform
[2019.02.15-18.45.14:951][  0]LogTemp: Display: Loaded TP AndroidTargetPlatform
[2019.02.15-18.45.14:951][  0]LogTemp: Display: Loaded TP AndroidTargetPlatform
[2019.02.15-18.45.14:951][  0]LogTemp: Display: Loaded TP AndroidTargetPlatform
[2019.02.15-18.45.14:951][  0]LogTemp: Display: Loaded TP AndroidTargetPlatform
[2019.02.15-18.45.14:951][  0]LogTemp: Display: Loaded TP AndroidTargetPlatform
[2019.02.15-18.45.14:951][  0]LogTemp: Display: Loaded TP AndroidTargetPlatform
[2019.02.15-18.45.14:952][  0]LogTemp: Display: Loaded TP HTML5TargetPlatform
[2019.02.15-18.45.15:004][  0]LogTemp: Display: Loaded TP IOSTargetPlatform
[2019.02.15-18.45.15:004][  0]LogTemp: Display: Loaded TP IOSTargetPlatform
[2019.02.15-18.45.15:023][  0]LogTemp: Display: Loaded TP TVOSTargetPlatform
[2019.02.15-18.45.15:023][  0]LogTemp: Display: Loaded TP TVOSTargetPlatform
[2019.02.15-18.45.15:032][  0]LogTemp: Display: Loaded TP LinuxClientTargetPlatform
[2019.02.15-18.45.15:041][  0]LogTemp: Display: Loaded TP LinuxNoEditorTargetPlatform
[2019.02.15-18.45.15:051][  0]LogTemp: Display: Loaded TP LinuxServerTargetPlatform
[2019.02.15-18.45.15:060][  0]LogTemp: Display: Loaded TP LinuxTargetPlatform
[2019.02.15-18.45.15:068][  0]LogTemp: Display: Loaded TP LuminTargetPlatform
[2019.02.15-18.45.15:068][  0]LogTargetPlatformManager: Display: Building Assets For Windows
[2019.02.15-18.45.15:100][  0]LogXGEController: Cannot use XGE Controller as Incredibuild is not installed on this machine.
[2019.02.15-18.45.15:100][  0]LogShaderCompilers: Cannot use XGE Shader Compiler as Incredibuild is not installed on this machine.
[2019.02.15-18.45.15:100][  0]LogShaderCompilers: Display: Using Local Shader Compiler.
[2019.02.15-18.45.15:612][  0]LogDerivedDataCache: Display: Max Cache Size: 512 MB
[2019.02.15-18.45.15:659][  0]LogDerivedDataCache: Loaded boot cache 0.05s 71MB C:/Users/tonym/AppData/Local/UnrealEngine/4.20/DerivedDataCache/Boot.ddc.
[2019.02.15-18.45.15:659][  0]LogDerivedDataCache: Display: Loaded Boot cache: C:/Users/tonym/AppData/Local/UnrealEngine/4.20/DerivedDataCache/Boot.ddc
[2019.02.15-18.45.15:659][  0]LogDerivedDataCache: FDerivedDataBackendGraph:  Pak pak cache file E:/ProjectParagon/ProjectParagon/DerivedDataCache/DDC.ddp not found, will not use a pak cache.
[2019.02.15-18.45.15:659][  0]LogDerivedDataCache: Unable to find inner node Pak for hierarchical cache Hierarchy.
[2019.02.15-18.45.15:659][  0]LogDerivedDataCache: FDerivedDataBackendGraph:  CompressedPak pak cache file E:/ProjectParagon/ProjectParagon/DerivedDataCache/Compressed.ddp not found, will not use a pak cache.
[2019.02.15-18.45.15:659][  0]LogDerivedDataCache: Unable to find inner node CompressedPak for hierarchical cache Hierarchy.
[2019.02.15-18.45.15:668][  0]LogDerivedDataCache: Display: Pak cache opened for reading ../../../Engine/DerivedDataCache/Compressed.ddp.
[2019.02.15-18.45.15:680][  0]LogDerivedDataCache: Using Local data cache path C:/Users/tonym/AppData/Local/UnrealEngine/Common/DerivedDataCache: Writable
[2019.02.15-18.45.15:680][  0]LogDerivedDataCache: Shared data cache path not found in *engine.ini, will not use an Shared cache.
[2019.02.15-18.45.15:680][  0]LogDerivedDataCache: Unable to find inner node Shared for hierarchical cache Hierarchy.
[2019.02.15-18.45.15:692][  0]LogMaterial: Verifying Global Shaders for PCD3D_SM5
[2019.02.15-18.45.15:693][  0]LogSlate: Using FreeType 2.6.0
[2019.02.15-18.45.15:694][  0]LogSlate: SlateFontServices - WITH_FREETYPE: 1, WITH_HARFBUZZ: 1
[2019.02.15-18.45.15:758][  0]LogAssetRegistry: FAssetRegistry took 0.0268 seconds to start up
[2019.02.15-18.45.15:970][  0]LogInit: Selected Device Profile: [Windows]
[2019.02.15-18.45.16:061][  0]LogSimplygon: Simplygon DLL not present - disabling.
[2019.02.15-18.45.16:063][  0]LogMeshReduction: Using SimplygonSwarm for distributed automatic mesh merging
[2019.02.15-18.45.16:063][  0]LogMeshReduction: Using ProxyLODMeshReduction for automatic mesh merging
[2019.02.15-18.45.16:063][  0]LogMeshReduction: Using QuadricMeshReduction for automatic static mesh reduction
[2019.02.15-18.45.16:063][  0]LogMeshReduction: No automatic skeletal mesh reduction module available
[2019.02.15-18.45.16:080][  0]LogNetVersion: ProjectParagon 1.0.0, NetCL: 4212847, EngineNetVer: 5, GameNetVer: 0 (Checksum: 3371985753)
[2019.02.15-18.45.17:014][  0]LogPackageLocalizationCache: Processed 12 localized package path(s) for 2 prioritized culture(s) in 0.628655 seconds
[2019.02.15-18.45.17:019][  0]LogUObjectArray: 38425 objects as part of root set at end of initial load.
[2019.02.15-18.45.17:019][  0]LogUObjectAllocator: 6690872 out of 0 bytes used by permanent object pool.
[2019.02.15-18.45.17:019][  0]LogUObjectArray: CloseDisregardForGC: 0/0 objects in disregard for GC pool
[2019.02.15-18.45.17:652][  0]UGameSparksModuleLog: Warning: GameSparks::StartupModule
[2019.02.15-18.45.17:654][  0]LogTcpMessaging: Initializing TcpMessaging bridge
[2019.02.15-18.45.17:667][  0]LogUdpMessaging: Initializing bridge on interface 0.0.0.0:0 to multicast group 230.0.0.1:6666.
[2019.02.15-18.45.17:836][  0]SourceControl: Source control is disabled
[2019.02.15-18.45.17:836][  0]SourceControl: Source control is disabled
[2019.02.15-18.45.17:837][  0]SourceControl: Source control is disabled
[2019.02.15-18.45.17:837][  0]SourceControl: Source control is disabled
[2019.02.15-18.45.17:972][  0]LogAndroidPermission: UAndroidPermissionCallbackProxy::GetInstance
[2019.02.15-18.45.18:013][  0]LogOcInput: OculusInput pre-init called
[2019.02.15-18.45.18:066][  0]LogEngine: Initializing Engine...
[2019.02.15-18.45.18:067][  0]LogHMD: Failed to initialize OpenVR with code 110
[2019.02.15-18.45.18:070][  0]LogStats: UGameplayTagsManager::ConstructGameplayTagTree: ImportINI prefixes -  0.000 s
[2019.02.15-18.45.18:070][  0]LogStats: UGameplayTagsManager::ConstructGameplayTagTree: Construct from data asset -  0.000 s
[2019.02.15-18.45.18:070][  0]LogStats: UGameplayTagsManager::ConstructGameplayTagTree: ImportINI -  0.000 s
[2019.02.15-18.45.18:070][  0]LogStats: UGameplayTagsManager::ConstructGameplayTagTree: GameplayTagTreeChangedEvent.Broadcast -  0.000 s
[2019.02.15-18.45.18:229][  0]LogInit: Initializing FReadOnlyCVARCache
[2019.02.15-18.45.18:237][  0]LogAIModule: Creating AISystem for world Untitled
[2019.02.15-18.45.18:283][  0]LogInit: XAudio2 using 'U28E590 (NVIDIA High Definition Audio)' : 2 channels at 48 kHz using 16 bits per sample (channel mask 0x3)
[2019.02.15-18.45.18:296][  0]LogInit: FAudioDevice initialized.
[2019.02.15-18.45.18:296][  0]LogNetVersion: Set ProjectVersion to 1.0.0.0. Version Checksum will be recalculated on next use.
[2019.02.15-18.45.18:333][  0]LogDerivedDataCache: Saved boot cache 0.04s 71MB C:/Users/tonym/AppData/Local/UnrealEngine/4.20/DerivedDataCache/Boot.ddc.
[2019.02.15-18.45.18:339][  0]LogInit: Texture streaming: Enabled
[2019.02.15-18.45.18:349][  0]LogEngineSessionManager: EngineSessionManager initialized
[2019.02.15-18.45.18:360][  0]LogInit: Transaction tracking system initialized
[2019.02.15-18.45.18:407][  0]BlueprintLog: New page: Editor Load
[2019.02.15-18.45.18:446][  0]LocalizationService: Localization service is disabled
[2019.02.15-18.45.18:623][  0]LogCook: Display: Max memory allowance for cook 16384mb min free memory 0mb
[2019.02.15-18.45.18:623][  0]LogCook: Display: Mobile HDR setting 1
[2019.02.15-18.45.18:623][  0]LogGameplayTags: Display: UGameplayTagsManager::DoneAddingNativeTags. DelegateIsBound: 0
[2019.02.15-18.45.18:623][  0]LogStats: UGameplayTagsManager::ConstructGameplayTagTree: ImportINI prefixes -  0.000 s
[2019.02.15-18.45.18:623][  0]LogStats: UGameplayTagsManager::ConstructGameplayTagTree: Construct from data asset -  0.000 s
[2019.02.15-18.45.18:623][  0]LogStats: UGameplayTagsManager::ConstructGameplayTagTree: ImportINI -  0.000 s
[2019.02.15-18.45.18:623][  0]LogStats: UGameplayTagsManager::ConstructGameplayTagTree: GameplayTagTreeChangedEvent.Broadcast -  0.000 s
[2019.02.15-18.45.18:698][  0]LogFileCache: Scanning file cache for directory 'E:/ProjectParagon/ProjectParagon/Content/' took 0.02s
[2019.02.15-18.45.18:698][  0]SourceControl: Source control is disabled
[2019.02.15-18.45.18:698][  0]Cmd: MAP LOAD FILE="E:/ProjectParagon/ProjectParagon/Content/MainGameCode/Maps/TopDownExampleMap.umap" TEMPLATE=0 SHOWPROGRESS=1 FEATURELEVEL=3
[2019.02.15-18.45.18:790][  0]LightingResults: New page: Lighting Build
[2019.02.15-18.45.18:792][  0]MapCheck: New page: Map Check
[2019.02.15-18.45.18:792][  0]LightingResults: New page: Lighting Build
[2019.02.15-18.45.27:798][  0]LogAIModule: Creating AISystem for world TopDownExampleMap
[2019.02.15-18.45.28:349][  0]LogEditorServer: Finished looking for orphan Actors (0.000 secs)
[2019.02.15-18.45.28:551][  0]Cmd: MAP CHECKDEP NOCLEARLOG
[2019.02.15-18.45.28:593][  0]MapCheck: Map check complete: 0 Error(s), 0 Warning(s), took 41.691ms to complete.
[2019.02.15-18.45.28:593][  0]LogFileHelpers: Loading map 'TopDownExampleMap' took 9.895
[2019.02.15-18.45.28:754][  0]LogSlate: Updating window title bar state: overlay mode, drag disabled, window buttons hidden, title bar hidden
[2019.02.15-18.45.28:760][  0]LogSlate: Updating window title bar state: overlay mode, drag disabled, window buttons hidden, title bar hidden
[2019.02.15-18.45.28:766][  0]LogSlate: Updating window title bar state: overlay mode, drag disabled, window buttons hidden, title bar hidden
[2019.02.15-18.45.28:772][  0]LogSlate: Updating window title bar state: overlay mode, drag disabled, window buttons hidden, title bar hidden
[2019.02.15-18.45.28:775][  0]LogCollectionManager: Loaded 0 collections in 0.000678 seconds
[2019.02.15-18.45.28:817][  0]LogFileCache: Scanning file cache for directory 'E:/ProjectParagon/ProjectParagon/Saved/Collections/' took 0.01s
[2019.02.15-18.45.28:817][  0]LogFileCache: Scanning file cache for directory 'E:/ProjectParagon/ProjectParagon/Content/Developers/tonym/Collections/' took 0.01s
[2019.02.15-18.45.28:817][  0]LogFileCache: Scanning file cache for directory 'E:/ProjectParagon/ProjectParagon/Content/Collections/' took 0.01s
[2019.02.15-18.45.28:817][  0]LogCollectionManager: Rebuilt the GUID cache for 0 collections in 0.000000 seconds
[2019.02.15-18.45.28:902][  0]LogContentBrowser: Native class hierarchy populated in 0.0841 seconds. Added 2672 classes and 607 folders.
[2019.02.15-18.45.28:905][  0]LogContentBrowser: Native class hierarchy updated for 'WidgetCarousel' in 0.0003 seconds. Added 0 classes and 0 folders.
[2019.02.15-18.45.28:933][  0]LogContentBrowser: Native class hierarchy updated for 'AddContentDialog' in 0.0003 seconds. Added 0 classes and 0 folders.
[2019.02.15-18.45.28:936][  0]LogContentBrowser: Native class hierarchy updated for 'SceneOutliner' in 0.0003 seconds. Added 1 classes and 2 folders.
[2019.02.15-18.45.28:949][  0]LogSlate: Took 0.000142 seconds to synchronously load lazily loaded font '../../../Engine/Content/Slate/Fonts/Roboto-Regular.ttf' (155K)
[2019.02.15-18.45.28:951][  0]LogSlate: Took 0.000160 seconds to synchronously load lazily loaded font '../../../Engine/Content/Slate/Fonts/Roboto-Bold.ttf' (160K)
[2019.02.15-18.45.28:955][  0]LogSlate: Took 0.000206 seconds to synchronously load lazily loaded font '../../../Engine/Content/Editor/Slate/Fonts/FontAwesome.ttf' (139K)
[2019.02.15-18.45.29:016][  0]LogRenderer: Reallocating scene render targets to support 1376x656 Format 10 NumSamples 1 (Frame:1).
[2019.02.15-18.45.29:198][  0]LogContentBrowser: Native class hierarchy updated for 'HierarchicalLODOutliner' in 0.0003 seconds. Added 0 classes and 0 folders.
[2019.02.15-18.45.29:198][  0]LogLoad: (Engine Initialization) Total time: 17.71 seconds
[2019.02.15-18.45.29:198][  0]LogLoad: (Engine Initialization) Total Blueprint compile time: 0.00 seconds
[2019.02.15-18.45.29:208][  0]LogWindowsTextInputMethodSystem: Display: IME system now deactivated.
[2019.02.15-18.45.29:232][  0]LogAssetRegistry: Asset discovery search completed in 13.4971 seconds
[2019.02.15-18.45.29:273][  0]LogCollectionManager: Rebuilt the object cache for 0 collections in 0.000000 seconds (found 0 objects)
[2019.02.15-18.45.29:273][  0]LogCollectionManager: Fixed up redirectors for 0 collections in 0.025663 seconds (updated 0 objects)
[2019.02.15-18.45.29:290][  0]LogContentStreaming: Texture pool size now 1000 MB
[2019.02.15-18.45.29:389][  0]LogSlate: Took 0.000128 seconds to synchronously load lazily loaded font '../../../Engine/Content/Slate/Fonts/Roboto-Light.ttf' (167K)
[2019.02.15-18.45.31:445][225]LogSlate: FSceneViewport::OnFocusLost() reason 0
[2019.02.15-18.45.59:495][717]LogTemp: Repeating last play command: Selected Viewport
[2019.02.15-18.45.59:541][717]LogBlueprintUserMessages: Early PlayInEditor Detection: Level '/Game/MainGameCode/Maps/TopDownExampleMap.TopDownExampleMap:PersistentLevel' has LevelScriptBlueprint '/Game/MainGameCode/Maps/TopDownExampleMap.TopDownExampleMap:PersistentLevel.TopDownExampleMap' with GeneratedClass '/Game/MainGameCode/Maps/TopDownExampleMap.TopDownExampleMap_C' with ClassGeneratedBy '/Game/MainGameCode/Maps/TopDownExampleMap.TopDownExampleMap:PersistentLevel.TopDownExampleMap'
[2019.02.15-18.45.59:573][717]LogPlayLevel: PlayLevel: No blueprints needed recompiling
[2019.02.15-18.45.59:786][717]PIE: New page: PIE session: TopDownExampleMap (Feb 15, 2019, 8:45:59 AM)
[2019.02.15-18.45.59:787][717]LogPlayLevel: Creating play world package: /Game/MainGameCode/Maps/UEDPIE_0_TopDownExampleMap
[2019.02.15-18.45.59:864][717]LogPlayLevel: PIE: StaticDuplicateObject took: (0.077178s)
[2019.02.15-18.45.59:865][717]LogAIModule: Creating AISystem for world TopDownExampleMap
[2019.02.15-18.45.59:872][717]LogPlayLevel: PIE: World Init took: (0.007522s)
[2019.02.15-18.45.59:881][717]LogPlayLevel: PIE: Created PIE world by copying editor world from /Game/MainGameCode/Maps/TopDownExampleMap.TopDownExampleMap to /Game/MainGameCode/Maps/UEDPIE_0_TopDownExampleMap.TopDownExampleMap (0.093706s)
[2019.02.15-18.45.59:934][717]LogInit: XAudio2 using 'U28E590 (NVIDIA High Definition Audio)' : 2 channels at 48 kHz using 16 bits per sample (channel mask 0x3)
[2019.02.15-18.45.59:943][717]LogInit: FAudioDevice initialized.
[2019.02.15-18.46.00:005][717]LogLoad: Game class is 'Paragon_GameMode_C'
[2019.02.15-18.46.00:145][717]LogWorld: Bringing World /Game/MainGameCode/Maps/UEDPIE_0_TopDownExampleMap.TopDownExampleMap up for play (max tick rate 0) at 2019.02.15-13.46.00
[2019.02.15-18.46.00:195][717]LogWorld: Bringing up level for play took: 0.075628
[2019.02.15-18.46.00:354][717]LogContentBrowser: Native class hierarchy updated for 'MovieSceneCapture' in 0.0003 seconds. Added 10 classes and 0 folders.
[2019.02.15-18.46.00:426][717]UGameSparksModuleLog: Warning: GameSparks::Initialize
[2019.02.15-18.46.00:436][717]UGameSparksModuleLog: Initialized
[2019.02.15-18.46.00:587][717]PIE: Play in editor start time for /Game/MainGameCode/Maps/UEDPIE_0_TopDownExampleMap 0.582
[2019.02.15-18.46.00:587][717]LogBlueprintUserMessages: Late PlayInEditor Detection: Level '/Game/MainGameCode/Maps/TopDownExampleMap.TopDownExampleMap:PersistentLevel' has LevelScriptBlueprint '/Game/MainGameCode/Maps/TopDownExampleMap.TopDownExampleMap:PersistentLevel.TopDownExampleMap' with GeneratedClass '/Game/MainGameCode/Maps/TopDownExampleMap.TopDownExampleMap_C' with ClassGeneratedBy '/Game/MainGameCode/Maps/TopDownExampleMap.TopDownExampleMap:PersistentLevel.TopDownExampleMap'
[2019.02.15-18.46.01:203][762]UGameSparksModuleLog: WebSocket callback: {"@class": ".AuthenticatedConnectResponse","connectUrl": "wss://gsp-auw000-se01.gamesparks.net/ws/device/M376628rw8hd","requestId": "0"}
[2019.02.15-18.46.01:203][762]UGameSparksModuleLog: Received new connection url from gamesparks backend. Establishing new connection now.
[2019.02.15-18.46.01:203][762]UGameSparksModuleLog: Create new connection
[2019.02.15-18.46.01:204][762]UGameSparksModuleLog: Handle authentication connect response with immediate handshake
[2019.02.15-18.46.01:205][762]UGameSparksModuleLog: Connection stopped, deleting it
[2019.02.15-18.46.01:205][762]UGameSparksModuleLog: WebSocket closed
[2019.02.15-18.46.01:879][843]UGameSparksModuleLog: WebSocket callback: {"@class":".AuthenticatedConnectResponse","nonce":"655b2164-bad9-4a3b-888b-fa8af7cec73c","requestId":"0"}
[2019.02.15-18.46.01:879][843]UGameSparksModuleLog: Handle authentication connect response with immediate handshake
[2019.02.15-18.46.01:880][843]UGameSparksModuleLog: Send immediate request: {
	"@class":	".AuthenticatedConnectRequest",
	"hmac":	"f6ie0VoZFkrNsWkKETcCRNU6hVy4Nstd2TiSM9Vgric=",
	"os":	"Windows",
	"platform":	"Windows",
	"deviceId":	"bef00ac472659f9cca6543a66f0b02fd",
	"deviceStats":	{
		"cpu.cores":	"8",
		"cpu.vendor":	"Intel(R) Core(TM) i7-7700K CPU @ 4.20GHz",
		"engine":	"Unreal Engine",
		"engine.version":	"4.20.0",
		"manufacturer":	"Microsoft",
		"memory":	"32698 MB",
		"model":	"PC",
		"os.name":	"Windows",
		"os.version":	"10.0.17134.556",
		"os.version.major":	"10",
		"os.version.major.minor":	"10.0",
		"resolution":	"2194x1234",
		"gssdk":	"1.1.23.0"
	}
}
[2019.02.15-18.46.01:881][843]UGameSparksModuleLog: Handshake request sent
[2019.02.15-18.46.01:978][855]UGameSparksModuleLog: WebSocket callback: {"@class":".AuthenticatedConnectResponse","requestId":"0","sessionId":"655b2164-bad9-4a3b-888b-fa8af7cec73c"}
[2019.02.15-18.46.01:978][855]UGameSparksModuleLog: Handle authentication connect response with immediate handshake
[2019.02.15-18.46.01:978][855]UGameSparksModuleLog: Warning: GameSparks::GameSparksAvailable_Static
[2019.02.15-18.46.24:640][573]LogSlate: FSceneViewport::OnFocusLost() reason 0
[2019.02.15-18.46.24:696][578]UGameSparksModuleLog: Send immediate request: {
	"@class":	".AuthenticationRequest",
	"requestId":	"1550256384_0"
}
[2019.02.15-18.46.24:795][590]UGameSparksModuleLog: WebSocket callback: {"@class":".AuthenticationResponse","error":{"password":"REQUIRED","userName":"REQUIRED"},"newPlayer":false,"requestId":"1550256384_0"}
[2019.02.15-18.46.24:809][590]LogBlueprintUserMessages: [GameSparksLogin_C_0] Username or Password Incorrect
[2019.02.15-18.46.32:234][472]LogSlate: FSceneViewport::OnFocusLost() reason 0
[2019.02.15-18.46.32:309][481]UGameSparksModuleLog: Send immediate request: {
	"@class":	".AuthenticationRequest",
	"requestId":	"1550256392_1"
}
[2019.02.15-18.46.32:409][493]UGameSparksModuleLog: WebSocket callback: {"@class":".AuthenticationResponse","error":{"password":"REQUIRED","userName":"REQUIRED"},"newPlayer":false,"requestId":"1550256392_1"}
[2019.02.15-18.46.32:409][493]LogBlueprintUserMessages: [GameSparksLogin_C_1] Username or Password Incorrect
[2019.02.15-18.46.34:456][736]LogBlueprintUserMessages: Early EndPlayMap Detection: Level '/Game/MainGameCode/Maps/TopDownExampleMap.TopDownExampleMap:PersistentLevel' has LevelScriptBlueprint '/Game/MainGameCode/Maps/TopDownExampleMap.TopDownExampleMap:PersistentLevel.TopDownExampleMap' with GeneratedClass '/Game/MainGameCode/Maps/TopDownExampleMap.TopDownExampleMap_C' with ClassGeneratedBy '/Game/MainGameCode/Maps/TopDownExampleMap.TopDownExampleMap:PersistentLevel.TopDownExampleMap'
[2019.02.15-18.46.34:506][736]LogSlate: Updating window title bar state: overlay mode, drag disabled, window buttons hidden, title bar hidden
[2019.02.15-18.46.34:652][736]LogPlayLevel: Display: Shutting down PIE online subsystems
[2019.02.15-18.46.34:652][736]LogBlueprintUserMessages: Late EndPlayMap Detection: Level '/Game/MainGameCode/Maps/TopDownExampleMap.TopDownExampleMap:PersistentLevel' has LevelScriptBlueprint '/Game/MainGameCode/Maps/TopDownExampleMap.TopDownExampleMap:PersistentLevel.TopDownExampleMap' with GeneratedClass '/Game/MainGameCode/Maps/TopDownExampleMap.TopDownExampleMap_C' with ClassGeneratedBy '/Game/MainGameCode/Maps/TopDownExampleMap.TopDownExampleMap:PersistentLevel.TopDownExampleMap'
[2019.02.15-18.46.34:727][736]LogSlate: Updating window title bar state: overlay mode, drag disabled, window buttons hidden, title bar hidden
[2019.02.15-18.46.34:821][737]LogPlayLevel: Display: Destroying online subsystem :Context_1
[2019.02.15-18.46.45:203][966]LogSlate: Window 'ProjectParagon - Unreal Editor' being destroyed
[2019.02.15-18.46.45:203][966]LogWindowsTextInputMethodSystem: Display: IME system now deactivated.
[2019.02.15-18.46.45:629][967]Cmd: QUIT_EDITOR
[2019.02.15-18.46.46:482][967]LogExit: Preparing to exit.
[2019.02.15-18.46.47:142][967]LogExit: Editor shut down
[2019.02.15-18.46.47:142][967]LogExit: Transaction tracking system shut down
[2019.02.15-18.46.49:155][967]LogExit: Object subsystem successfully closed.
[2019.02.15-18.46.49:274][967]LogShaderCompilers: Display: Shaders left to compile 0
[2019.02.15-18.46.49:288][967]LogD3D11RHI: Shutdown
[2019.02.15-18.46.49:288][967]LogD3D11RHI: CleanupD3DDevice
[2019.02.15-18.46.49:341][967]LogD3D11RHI: ~FD3D11DynamicRHI
[2019.02.15-18.46.50:398][967]LogModuleManager: Shutting down and abandoning module MovieSceneCapture (620)
[2019.02.15-18.46.50:398][967]LogModuleManager: Shutting down and abandoning module Voice (618)
[2019.02.15-18.46.50:407][967]LogModuleManager: Shutting down and abandoning module HierarchicalLODOutliner (616)
[2019.02.15-18.46.50:407][967]LogModuleManager: Shutting down and abandoning module SceneOutliner (614)
[2019.02.15-18.46.50:407][967]LogModuleManager: Shutting down and abandoning module AddContentDialog (612)
[2019.02.15-18.46.50:420][967]LogModuleManager: Shutting down and abandoning module WidgetCarousel (611)
[2019.02.15-18.46.50:420][967]LogModuleManager: Shutting down and abandoning module EditorWidgets (608)
[2019.02.15-18.46.50:420][967]LogModuleManager: Shutting down and abandoning module CollectionManager (606)
[2019.02.15-18.46.50:445][967]LogModuleManager: Shutting down and abandoning module StatsViewer (604)
[2019.02.15-18.46.50:455][967]LogModuleManager: Shutting down and abandoning module FoliageEdit (602)
[2019.02.15-18.46.50:460][967]LogModuleManager: Shutting down and abandoning module LandscapeEditor (600)
[2019.02.15-18.46.50:513][967]LogModuleManager: Shutting down and abandoning module MeshPaintMode (598)
[2019.02.15-18.46.50:521][967]LogModuleManager: Shutting down and abandoning module SceneDepthPickerMode (596)
[2019.02.15-18.46.50:521][967]LogModuleManager: Shutting down and abandoning module ActorPickerMode (594)
[2019.02.15-18.46.50:521][967]LogModuleManager: Shutting down and abandoning module GeometryMode (592)
[2019.02.15-18.46.50:521][967]LogModuleManager: Shutting down and abandoning module TextureAlignMode (590)
[2019.02.15-18.46.50:521][967]LogModuleManager: Shutting down and abandoning module BspMode (588)
[2019.02.15-18.46.50:521][967]LogModuleManager: Shutting down and abandoning module PIEPreviewDeviceProfileSelector (586)
[2019.02.15-18.46.50:528][967]LogModuleManager: Shutting down and abandoning module SequenceRecorderSections (584)
[2019.02.15-18.46.50:548][967]LogModuleManager: Shutting down and abandoning module AutomationWorker (582)
[2019.02.15-18.46.50:548][967]LogModuleManager: Shutting down and abandoning module AudioCaptureEditor (580)
[2019.02.15-18.46.50:548][967]LogModuleManager: Shutting down and abandoning module SequenceRecorder (579)
[2019.02.15-18.46.50:556][967]LogModuleManager: Shutting down and abandoning module MatineeToLevelSequence (576)
[2019.02.15-18.46.50:572][967]LogModuleManager: Shutting down and abandoning module LevelSequenceEditor (574)
[2019.02.15-18.46.50:584][967]LogModuleManager: Shutting down and abandoning module PlacementMode (573)
[2019.02.15-18.46.50:584][967]LogModuleManager: Shutting down and abandoning module MaterialEditor (572)
[2019.02.15-18.46.50:622][967]LogModuleManager: Shutting down and abandoning module WmfMediaFactory (568)
[2019.02.15-18.46.50:622][967]LogModuleManager: Shutting down and abandoning module WmfMediaEditor (566)
[2019.02.15-18.46.50:622][967]LogModuleManager: Shutting down and abandoning module MediaPlayerEditor (564)
[2019.02.15-18.46.50:637][967]LogModuleManager: Shutting down and abandoning module OpenExrWrapper (562)
[2019.02.15-18.46.50:637][967]LogModuleManager: Shutting down and abandoning module ImgMediaFactory (560)
[2019.02.15-18.46.50:637][967]LogModuleManager: Shutting down and abandoning module ImgMediaEditor (558)
[2019.02.15-18.46.50:637][967]LogModuleManager: Shutting down and abandoning module AvfMediaFactory (556)
[2019.02.15-18.46.50:637][967]LogModuleManager: Shutting down and abandoning module AvfMediaEditor (554)
[2019.02.15-18.46.50:637][967]LogModuleManager: Shutting down and abandoning module AndroidMediaFactory (552)
[2019.02.15-18.46.50:637][967]LogModuleManager: Shutting down and abandoning module AndroidMediaEditor (550)
[2019.02.15-18.46.50:637][967]LogModuleManager: Shutting down and abandoning module MagicLeapCameraPreviewFactory (548)
[2019.02.15-18.46.50:637][967]LogModuleManager: Shutting down and abandoning module MagicLeapMediaFactory (546)
[2019.02.15-18.46.50:638][967]LogModuleManager: Shutting down and abandoning module MagicLeapMediaEditor (544)
[2019.02.15-18.46.50:638][967]LogModuleManager: Shutting down and abandoning module CharacterAI (542)
[2019.02.15-18.46.50:638][967]LogModuleManager: Shutting down and abandoning module SmartSnapping (540)
[2019.02.15-18.46.50:638][967]LogModuleManager: Shutting down and abandoning module SessionServices (538)
[2019.02.15-18.46.50:638][967]LogModuleManager: Shutting down and abandoning module ViewportSnapping (536)
[2019.02.15-18.46.50:638][967]LogModuleManager: Shutting down and abandoning module ViewportInteraction (534)
[2019.02.15-18.46.50:638][967]LogModuleManager: Shutting down and abandoning module ClothPainter (532)
[2019.02.15-18.46.50:653][967]LogModuleManager: Shutting down and abandoning module SkeletalMeshEditor (531)
[2019.02.15-18.46.50:670][967]LogModuleManager: Shutting down and abandoning module LogVisualizer (528)
[2019.02.15-18.46.50:691][967]LogModuleManager: Shutting down and abandoning module IntroTutorials (526)
[2019.02.15-18.46.50:708][967]LogModuleManager: Shutting down and abandoning module GameProjectGeneration (525)
[2019.02.15-18.46.50:719][967]LogModuleManager: Shutting down and abandoning module LuminPlatformEditor (522)
[2019.02.15-18.46.50:719][967]LogModuleManager: Shutting down and abandoning module IOSPlatformEditor (520)
[2019.02.15-18.46.50:733][967]LogModuleManager: Shutting down and abandoning module HTML5PlatformEditor (518)
[2019.02.15-18.46.50:733][967]LogModuleManager: Shutting down and abandoning module AndroidPlatformEditor (516)
[2019.02.15-18.46.50:733][967]LogModuleManager: Shutting down and abandoning module AndroidDeviceDetection (515)
[2019.02.15-18.46.52:526][967]LogModuleManager: Shutting down and abandoning module WindowsPlatformEditor (512)
[2019.02.15-18.46.52:526][967]LogModuleManager: Shutting down and abandoning module LuminRuntimeSettings (510)
[2019.02.15-18.46.52:526][967]LogModuleManager: Shutting down and abandoning module IOSRuntimeSettings (508)
[2019.02.15-18.46.52:526][967]LogModuleManager: Shutting down and abandoning module AndroidRuntimeSettings (506)
[2019.02.15-18.46.52:526][967]LogModuleManager: Shutting down and abandoning module InputBindingEditor (504)
[2019.02.15-18.46.52:534][967]LogModuleManager: Shutting down and abandoning module MergeActors (502)
[2019.02.15-18.46.52:544][967]LogModuleManager: Shutting down and abandoning module LocalizationDashboard (500)
[2019.02.15-18.46.52:566][967]LogModuleManager: Shutting down and abandoning module LocalizationService (499)
[2019.02.15-18.46.52:576][967]LogModuleManager: Shutting down and abandoning module HardwareTargeting (496)
[2019.02.15-18.46.52:577][967]LogModuleManager: Shutting down and abandoning module DeviceProfileEditor (494)
[2019.02.15-18.46.52:577][967]LogModuleManager: Shutting down and abandoning module UndoHistory (492)
[2019.02.15-18.46.52:583][967]LogModuleManager: Shutting down and abandoning module XmlParser (490)
[2019.02.15-18.46.52:583][967]LogModuleManager: Shutting down and abandoning module Blutility (488)
[2019.02.15-18.46.52:600][967]LogModuleManager: Shutting down and abandoning module ProjectSettingsViewer (486)
[2019.02.15-18.46.52:600][967]LogModuleManager: Shutting down and abandoning module ProjectTargetPlatformEditor (485)
[2019.02.15-18.46.52:600][967]LogModuleManager: Shutting down and abandoning module EditorSettingsViewer (482)
[2019.02.15-18.46.52:600][967]LogModuleManager: Shutting down and abandoning module SettingsEditor (480)
[2019.02.15-18.46.52:661][967]LogModuleManager: Shutting down and abandoning module ProjectLauncher (478)
[2019.02.15-18.46.52:674][967]LogModuleManager: Shutting down and abandoning module SessionFrontend (476)
[2019.02.15-18.46.52:682][967]LogModuleManager: Shutting down and abandoning module ProfilerClient (474)
[2019.02.15-18.46.52:699][967]LogModuleManager: Shutting down and abandoning module DeviceManager (472)
[2019.02.15-18.46.52:713][967]LogModuleManager: Shutting down and abandoning module TargetDeviceServices (471)
[2019.02.15-18.46.52:787][967]LogModuleManager: Shutting down and abandoning module AutomationController (468)
[2019.02.15-18.46.52:810][967]LogModuleManager: Shutting down and abandoning module AutomationWindow (466)
[2019.02.15-18.46.52:821][967]LogModuleManager: Shutting down and abandoning module Layers (464)
[2019.02.15-18.46.52:845][967]LogModuleManager: Shutting down and abandoning module ComponentVisualizers (462)
[2019.02.15-18.46.52:845][967]LogModuleManager: Shutting down and abandoning module DetailCustomizations (460)
[2019.02.15-18.46.52:864][967]LogModuleManager: Shutting down and abandoning module PackagesDialog (458)
[2019.02.15-18.46.52:864][967]LogModuleManager: Shutting down and abandoning module Persona (456)
[2019.02.15-18.46.52:906][967]LogModuleManager: Shutting down and abandoning module AdvancedPreviewScene (455)
[2019.02.15-18.46.52:906][967]LogModuleManager: Shutting down and abandoning module AnimGraph (453)
[2019.02.15-18.46.52:915][967]LogModuleManager: Shutting down and abandoning module Kismet (450)
[2019.02.15-18.46.52:949][967]LogModuleManager: Shutting down and abandoning module GraphEditor (448)
[2019.02.15-18.46.52:978][967]LogModuleManager: Shutting down and abandoning module ClassViewer (446)
[2019.02.15-18.46.52:978][967]LogModuleManager: Shutting down and abandoning module Toolbox (444)
[2019.02.15-18.46.52:978][967]LogModuleManager: Shutting down and abandoning module DesktopPlatform (443)
[2019.02.15-18.46.52:978][967]LogModuleManager: Shutting down and abandoning module ModuleUI (440)
[2019.02.15-18.46.52:987][967]LogModuleManager: Shutting down and abandoning module MovieSceneTools (438)
[2019.02.15-18.46.53:006][967]LogModuleManager: Shutting down and abandoning module OutputLog (436)
[2019.02.15-18.46.53:006][967]LogModuleManager: Shutting down and abandoning module GammaUI (434)
[2019.02.15-18.46.53:019][967]LogModuleManager: Shutting down and abandoning module Documentation (432)
[2019.02.15-18.46.53:019][967]LogModuleManager: Shutting down and abandoning module MovieSceneTracks (430)
[2019.02.15-18.46.53:019][967]LogModuleManager: Shutting down and abandoning module MovieScene (428)
[2019.02.15-18.46.53:033][967]LogModuleManager: Shutting down and abandoning module StreamingPauseRendering (426)
[2019.02.15-18.46.53:046][967]LogModuleManager: Shutting down and abandoning module LauncherPlatform (424)
[2019.02.15-18.46.53:046][967]LogModuleManager: Shutting down and abandoning module AnalyticsET (422)
[2019.02.15-18.46.53:046][967]LogModuleManager: Shutting down and abandoning module PortalServices (420)
[2019.02.15-18.46.53:046][967]LogModuleManager: Shutting down and abandoning module PortalRpc (418)
[2019.02.15-18.46.53:046][967]LogModuleManager: Shutting down and abandoning module MessagingRpc (416)
[2019.02.15-18.46.53:046][967]LogModuleManager: Shutting down and abandoning module AIModule (414)
[2019.02.15-18.46.53:055][967]LogModuleManager: Shutting down and abandoning module GameplayDebugger (413)
[2019.02.15-18.46.53:062][967]LogModuleManager: Shutting down and abandoning module AITestSuite (411)
[2019.02.15-18.46.53:068][967]LogModuleManager: Shutting down and abandoning module NavigationSystem (409)
[2019.02.15-18.46.53:068][967]LogModuleManager: Shutting down and abandoning module ProfilerService (406)
[2019.02.15-18.46.53:206][967]LogModuleManager: Shutting down and abandoning module TaskGraph (404)
[2019.02.15-18.46.53:221][967]LogModuleManager: Shutting down and abandoning module SteamVRController (402)
[2019.02.15-18.46.53:221][967]LogModuleManager: Shutting down and abandoning module ProceduralMeshComponentEditor (400)
[2019.02.15-18.46.53:221][967]LogModuleManager: Shutting down and abandoning module ProceduralMeshComponent (398)
[2019.02.15-18.46.53:232][967]LogModuleManager: Shutting down and abandoning module OculusInput (396)
[2019.02.15-18.46.53:232][967]LogModuleManager: Shutting down and abandoning module MobilePatchingUtils (394)
[2019.02.15-18.46.53:232][967]LogModuleManager: Shutting down and abandoning module EditableMesh (392)
[2019.02.15-18.46.53:242][967]LogModuleManager: Shutting down and abandoning module CustomMeshComponent (390)
[2019.02.15-18.46.53:242][967]LogModuleManager: Shutting down and abandoning module CableComponent (388)
[2019.02.15-18.46.53:242][967]LogModuleManager: Shutting down and abandoning module AudioCapture (386)
[2019.02.15-18.46.53:242][967]LogModuleManager: Shutting down and abandoning module ArchVisCharacter (384)
[2019.02.15-18.46.53:242][967]LogModuleManager: Shutting down and abandoning module AndroidPermission (382)
[2019.02.15-18.46.53:242][967]LogModuleManager: Shutting down and abandoning module NUTUnrealEngine4 (380)
[2019.02.15-18.46.53:242][967]LogModuleManager: Shutting down and abandoning module NetcodeUnitTest (378)
[2019.02.15-18.46.53:257][967]LogModuleManager: Shutting down and abandoning module MediaCompositingEditor (376)
[2019.02.15-18.46.53:257][967]LogModuleManager: Shutting down and abandoning module MediaCompositing (374)
[2019.02.15-18.46.53:257][967]LogModuleManager: Shutting down and abandoning module LinearTimecode (372)
[2019.02.15-18.46.53:257][967]LogModuleManager: Shutting down and abandoning module ImgMedia (370)
[2019.02.15-18.46.53:271][967]LogModuleManager: Shutting down and abandoning module HTML5Networking (366)
[2019.02.15-18.46.53:271][967]LogModuleManager: Shutting down and abandoning module GeometryCacheTracks (364)
[2019.02.15-18.46.53:271][967]LogModuleManager: Shutting down and abandoning module GeometryCacheSequencer (362)
[2019.02.15-18.46.53:271][967]LogModuleManager: Shutting down and abandoning module BackChannel (360)
[2019.02.15-18.46.53:305][967]LogModuleManager: Shutting down and abandoning module AppleVision (358)
[2019.02.15-18.46.53:305][967]LogModuleManager: Shutting down and abandoning module AppleImageUtils (356)
[2019.02.15-18.46.53:305][967]LogModuleManager: Shutting down and abandoning module AlembicImporter (354)
[2019.02.15-18.46.53:305][967]LogModuleManager: Shutting down and abandoning module AlembicLibrary (353)
[2019.02.15-18.46.53:305][967]LogModuleManager: Shutting down and abandoning module GeometryCache (352)
[2019.02.15-18.46.53:305][967]LogModuleManager: Shutting down and abandoning module GeometryCacheEd (351)
[2019.02.15-18.46.53:305][967]LogModuleManager: Shutting down and abandoning module DatasmithContentEditor (346)
[2019.02.15-18.46.53:321][967]LogModuleManager: Shutting down and abandoning module DatasmithContent (344)
[2019.02.15-18.46.53:321][967]LogModuleManager: Shutting down and abandoning module SpeedTreeImporter (342)
[2019.02.15-18.46.53:321][967]LogModuleManager: Shutting down and abandoning module PluginBrowser (340)
[2019.02.15-18.46.53:344][967]LogModuleManager: Shutting down and abandoning module MobileLauncherProfileWizard (338)
[2019.02.15-18.46.53:357][967]LogModuleManager: Shutting down and abandoning module PolygonModeling (336)
[2019.02.15-18.46.53:357][967]LogModuleManager: Shutting down and abandoning module MeshEditor (334)
[2019.02.15-18.46.53:363][967]LogModuleManager: Shutting down and abandoning module CryptoKeysOpenSSL (332)
[2019.02.15-18.46.53:373][967]LogModuleManager: Shutting down and abandoning module CryptoKeys (330)
[2019.02.15-18.46.53:373][967]LogModuleManager: Shutting down and abandoning module VisualStudioSourceCodeAccess (328)
[2019.02.15-18.46.53:373][967]LogModuleManager: Shutting down and abandoning module VisualStudioCodeSourceCodeAccess (326)
[2019.02.15-18.46.53:373][967]LogModuleManager: Shutting down and abandoning module UObjectPlugin (324)
[2019.02.15-18.46.53:373][967]LogModuleManager: Shutting down and abandoning module SubversionSourceControl (322)
[2019.02.15-18.46.53:394][967]LogModuleManager: Shutting down and abandoning module PerforceSourceControl (320)
[2019.02.15-18.46.53:424][967]LogModuleManager: Shutting down and abandoning module GitSourceControl (318)
[2019.02.15-18.46.53:438][967]LogModuleManager: Shutting down and abandoning module SourceControl (317)
[2019.02.15-18.46.53:443][967]LogModuleManager: Shutting down and abandoning module CLionSourceCodeAccess (314)
[2019.02.15-18.46.53:443][967]LogModuleManager: Shutting down and abandoning module LightPropagationVolumeEditor (312)
[2019.02.15-18.46.53:443][967]LogModuleManager: Shutting down and abandoning module PaperTiledImporter (310)
[2019.02.15-18.46.53:443][967]LogModuleManager: Shutting down and abandoning module PaperSpriteSheetImporter (308)
[2019.02.15-18.46.53:443][967]LogModuleManager: Shutting down and abandoning module Paper2DEditor (306)
[2019.02.15-18.46.53:463][967]LogModuleManager: Shutting down and abandoning module MeshPaint (305)
[2019.02.15-18.46.53:477][967]LogModuleManager: Shutting down and abandoning module ProjectParagon (302)
[2019.02.15-18.46.53:477][967]LogModuleManager: Shutting down and abandoning module RuntimePhysXCooking (300)
[2019.02.15-18.46.53:477][967]LogModuleManager: Shutting down and abandoning module PhysXVehiclesEditor (298)
[2019.02.15-18.46.53:477][967]LogModuleManager: Shutting down and abandoning module PhysXVehicles (296)
[2019.02.15-18.46.53:477][967]LogModuleManager: Shutting down and abandoning module OculusEditor (294)
[2019.02.15-18.46.53:486][967]LogModuleManager: Shutting down and abandoning module LocationServicesBPLibrary (292)
[2019.02.15-18.46.53:486][967]LogModuleManager: Shutting down and abandoning module ImmediatePhysicsEditor (290)
[2019.02.15-18.46.53:486][967]LogModuleManager: Shutting down and abandoning module ImmediatePhysics (288)
[2019.02.15-18.46.53:502][967]LogModuleManager: Shutting down and abandoning module ActorSequence (286)
[2019.02.15-18.46.53:502][967]LogModuleManager: Shutting down and abandoning module UdpMessaging (284)
[2019.02.15-18.46.53:602][967]LogModuleManager: Shutting down and abandoning module TcpMessaging (282)
[2019.02.15-18.46.53:714][967]LogModuleManager: Shutting down and abandoning module MagicLeapAudio (280)
[2019.02.15-18.46.53:714][967]LogModuleManager: Shutting down and abandoning module GameSparks (278)
[2019.02.15-18.46.53:714][967]UGameSparksModuleLog: Starting connection terminate
[2019.02.15-18.46.53:714][967]UGameSparksModuleLog: WebSocket closed
[2019.02.15-18.46.53:714][967]UGameSparksModuleLog: Connection terminated
[2019.02.15-18.46.53:714][967]UGameSparksModuleLog: Warning: GameSparks::GameSparksAvailable_Static
[2019.02.15-18.46.53:738][967]LogModuleManager: Shutting down and abandoning module GameplayTagsEditor (276)
[2019.02.15-18.46.53:758][967]LogModuleManager: Shutting down and abandoning module FacialAnimationEditor (274)
[2019.02.15-18.46.53:758][967]LogModuleManager: Shutting down and abandoning module FacialAnimation (272)
[2019.02.15-18.46.53:758][967]LogModuleManager: Shutting down and abandoning module DataValidation (270)
[2019.02.15-18.46.53:758][967]LogModuleManager: Shutting down and abandoning module AssetManagerEditor (268)
[2019.02.15-18.46.53:780][967]LogModuleManager: Shutting down and abandoning module LevelEditor (267)
[2019.02.15-18.46.53:803][967]LogModuleManager: Shutting down and abandoning module PixelInspectorModule (266)
[2019.02.15-18.46.53:813][967]LogModuleManager: Shutting down and abandoning module CommonMenuExtensions (264)
[2019.02.15-18.46.53:813][967]LogModuleManager: Shutting down and abandoning module MainFrame (262)
[2019.02.15-18.46.53:817][967]LogModuleManager: Shutting down and abandoning module HotReload (261)
[2019.02.15-18.46.53:834][967]LogModuleManager: Shutting down and abandoning module ContentBrowser (257)
[2019.02.15-18.46.53:834][967]LogModuleManager: Shutting down and abandoning module TreeMap (255)
[2019.02.15-18.46.53:842][967]LogModuleManager: Shutting down and abandoning module LightPropagationVolumeRuntime (252)
[2019.02.15-18.46.53:842][967]LogModuleManager: Shutting down and abandoning module AISupportModule (250)
[2019.02.15-18.46.53:842][967]LogModuleManager: Shutting down and abandoning module Paper2D (248)
[2019.02.15-18.46.53:858][967]LogModuleManager: Shutting down and abandoning module WindowsMoviePlayer (246)
[2019.02.15-18.46.53:872][967]LogModuleManager: Shutting down and abandoning module WmfMedia (244)
[2019.02.15-18.46.53:875][967]LogModuleManager: Shutting down and abandoning module Media (243)
[2019.02.15-18.46.53:881][967]LogModuleManager: Shutting down and abandoning module PacketHandler (240)
[2019.02.15-18.46.53:881][967]LogModuleManager: Shutting down and abandoning module ClothingSystemEditor (238)
[2019.02.15-18.46.53:881][967]LogModuleManager: Shutting down and abandoning module ClothingSystemRuntime (236)
[2019.02.15-18.46.53:900][967]LogModuleManager: Shutting down and abandoning module MediaAssets (234)
[2019.02.15-18.46.53:900][967]LogModuleManager: Shutting down and abandoning module Overlay (232)
[2019.02.15-18.46.53:900][967]LogModuleManager: Shutting down and abandoning module OverlayEditor (231)
[2019.02.15-18.46.53:900][967]LogModuleManager: Shutting down and abandoning module VREditor (228)
[2019.02.15-18.46.53:911][967]LogModuleManager: Shutting down and abandoning module StringTableEditor (226)
[2019.02.15-18.46.53:923][967]LogModuleManager: Shutting down and abandoning module GameplayTasksEditor (224)
[2019.02.15-18.46.53:923][967]LogModuleManager: Shutting down and abandoning module BehaviorTreeEditor (222)
[2019.02.15-18.46.53:936][967]LogModuleManager: Shutting down and abandoning module FunctionalTesting (220)
[2019.02.15-18.46.53:942][967]LogModuleManager: Shutting down and abandoning module CollisionAnalyzer (218)
[2019.02.15-18.46.53:954][967]LogModuleManager: Shutting down and abandoning module WorkspaceMenuStructure (217)
[2019.02.15-18.46.53:954][967]LogModuleManager: Shutting down and abandoning module UMG (214)
[2019.02.15-18.46.53:954][967]LogModuleManager: Shutting down and abandoning module UMGEditor (213)
[2019.02.15-18.46.53:982][967]LogModuleManager: Shutting down and abandoning module Sequencer (212)
[2019.02.15-18.46.54:002][967]LogModuleManager: Shutting down and abandoning module MessageLog (209)
[2019.02.15-18.46.54:002][967]LogModuleManager: Shutting down and abandoning module SlateReflector (204)
[2019.02.15-18.46.54:027][967]LogModuleManager: Shutting down and abandoning module Slate (202)
[2019.02.15-18.46.54:029][967]LogModuleManager: Shutting down and abandoning module EditorStyle (200)
[2019.02.15-18.46.54:030][967]LogModuleManager: Shutting down and abandoning module MRMesh (198)
[2019.02.15-18.46.54:045][967]LogModuleManager: Shutting down and abandoning module SourceCodeAccess (196)
[2019.02.15-18.46.54:045][967]LogModuleManager: Shutting down and abandoning module HeadMountedDisplay (194)
[2019.02.15-18.46.54:045][967]LogModuleManager: Shutting down and abandoning module XAudio2 (192)
[2019.02.15-18.46.54:045][967]LogModuleManager: Shutting down and abandoning module Networking (190)
[2019.02.15-18.46.54:045][967]LogModuleManager: Shutting down and abandoning module Core (188)
[2019.02.15-18.46.54:045][967]LogModuleManager: Shutting down and abandoning module LevelSequence (186)
[2019.02.15-18.46.54:045][967]LogModuleManager: Shutting down and abandoning module KismetCompiler (184)
[2019.02.15-18.46.54:045][967]LogModuleManager: Shutting down and abandoning module MeshUtilities (182)
[2019.02.15-18.46.54:053][967]LogModuleManager: Shutting down and abandoning module MeshMergeUtilities (181)
[2019.02.15-18.46.54:066][967]LogModuleManager: Shutting down and abandoning module MeshReductionInterface (180)
[2019.02.15-18.46.54:066][967]LogModuleManager: Shutting down and abandoning module SimplygonSwarm (179)
[2019.02.15-18.46.54:077][967]LogModuleManager: Shutting down and abandoning module ProxyLODMeshReduction (177)
[2019.02.15-18.46.54:097][967]LogModuleManager: Shutting down and abandoning module SimplygonMeshReduction (175)
[2019.02.15-18.46.54:097][967]LogModuleManager: Shutting down and abandoning module QuadricMeshReduction (173)
[2019.02.15-18.46.54:119][967]LogModuleManager: Shutting down and abandoning module MaterialBaking (169)
[2019.02.15-18.46.54:123][967]LogModuleManager: Shutting down and abandoning module DirectoryWatcher (165)
[2019.02.15-18.46.54:123][967]LogModuleManager: Shutting down and abandoning module DerivedDataCache (162)
[2019.02.15-18.46.54:273][967]LogDerivedDataCache: Shutdown
[2019.02.15-18.46.54:273][967]LogModuleManager: Shutting down and abandoning module XGEController (160)
[2019.02.15-18.46.54:277][967]LogModuleManager: Shutting down and abandoning module TargetPlatform (158)
[2019.02.15-18.46.54:277][967]LogModuleManager: Shutting down and abandoning module VulkanShaderFormat (157)
[2019.02.15-18.46.54:286][967]LogModuleManager: Shutting down and abandoning module ShaderFormatVectorVM (155)
[2019.02.15-18.46.54:293][967]LogModuleManager: Shutting down and abandoning module ShaderFormatOpenGL (153)
[2019.02.15-18.46.54:296][967]LogModuleManager: Shutting down and abandoning module ShaderFormatD3D (151)
[2019.02.15-18.46.54:296][967]LogModuleManager: Shutting down and abandoning module MetalShaderFormat (149)
[2019.02.15-18.46.54:318][967]LogModuleManager: Shutting down and abandoning module TextureFormatUncompressed (147)
[2019.02.15-18.46.54:318][967]LogModuleManager: Shutting down and abandoning module TextureFormatPVR (145)
[2019.02.15-18.46.54:318][967]LogModuleManager: Shutting down and abandoning module TextureFormatDXT (143)
[2019.02.15-18.46.54:328][967]LogModuleManager: Shutting down and abandoning module TextureFormatIntelISPCTexComp (141)
[2019.02.15-18.46.54:338][967]LogModuleManager: Shutting down and abandoning module TextureFormatASTC (139)
[2019.02.15-18.46.54:338][967]LogModuleManager: Shutting down and abandoning module ImageWrapper (138)
[2019.02.15-18.46.54:338][967]LogModuleManager: Shutting down and abandoning module TextureFormatAndroid (135)
[2019.02.15-18.46.54:338][967]LogModuleManager: Shutting down and abandoning module AudioFormatOpus (133)
[2019.02.15-18.46.54:338][967]LogModuleManager: Shutting down and abandoning module AudioFormatOgg (131)
[2019.02.15-18.46.54:338][967]LogModuleManager: Shutting down and abandoning module AudioFormatADPCM (129)
[2019.02.15-18.46.54:338][967]LogModuleManager: Shutting down and abandoning module LuminTargetPlatform (127)
[2019.02.15-18.46.54:338][967]LogModuleManager: Shutting down and abandoning module LinuxTargetPlatform (125)
[2019.02.15-18.46.54:338][967]LogModuleManager: Shutting down and abandoning module LinuxServerTargetPlatform (123)
[2019.02.15-18.46.54:338][967]LogModuleManager: Shutting down and abandoning module LinuxNoEditorTargetPlatform (121)
[2019.02.15-18.46.54:347][967]LogModuleManager: Shutting down and abandoning module LinuxClientTargetPlatform (119)
[2019.02.15-18.46.54:352][967]LogModuleManager: Shutting down and abandoning module TVOSTargetPlatform (117)
[2019.02.15-18.46.54:352][967]LogModuleManager: Shutting down and abandoning module Messaging (115)
[2019.02.15-18.46.54:352][967]LogModuleManager: Shutting down and abandoning module IOSTargetPlatform (113)
[2019.02.15-18.46.54:353][967]LogModuleManager: Shutting down and abandoning module HTML5TargetPlatform (111)
[2019.02.15-18.46.54:353][967]LogModuleManager: Shutting down and abandoning module AndroidTargetPlatform (109)
[2019.02.15-18.46.54:360][967]LogModuleManager: Shutting down and abandoning module WindowsTargetPlatform (107)
[2019.02.15-18.46.54:360][967]LogModuleManager: Shutting down and abandoning module WindowsServerTargetPlatform (105)
[2019.02.15-18.46.54:360][967]LogModuleManager: Shutting down and abandoning module WindowsNoEditorTargetPlatform (103)
[2019.02.15-18.46.54:360][967]LogModuleManager: Shutting down and abandoning module WindowsClientTargetPlatform (101)
[2019.02.15-18.46.54:360][967]LogModuleManager: Shutting down and abandoning module MacTargetPlatform (99)
[2019.02.15-18.46.54:360][967]LogModuleManager: Shutting down and abandoning module MacServerTargetPlatform (97)
[2019.02.15-18.46.54:360][967]LogModuleManager: Shutting down and abandoning module MacNoEditorTargetPlatform (95)
[2019.02.15-18.46.54:360][967]LogModuleManager: Shutting down and abandoning module MacClientTargetPlatform (93)
[2019.02.15-18.46.54:360][967]LogModuleManager: Shutting down and abandoning module AllDesktopTargetPlatform (91)
[2019.02.15-18.46.54:360][967]LogModuleManager: Shutting down and abandoning module InputCore (88)
[2019.02.15-18.46.54:360][967]LogModuleManager: Shutting down and abandoning module Settings (86)
[2019.02.15-18.46.54:360][967]LogModuleManager: Shutting down and abandoning module PhysXCooking (84)
[2019.02.15-18.46.54:360][967]LogModuleManager: Shutting down and abandoning module SteamVR (82)
[2019.02.15-18.46.54:360][967]LogModuleManager: Shutting down and abandoning module OculusHMD (80)
[2019.02.15-18.46.54:360][967]LogModuleManager: Shutting down and abandoning module ExampleDeviceProfileSelector (78)
[2019.02.15-18.46.54:360][967]LogModuleManager: Shutting down and abandoning module LauncherChunkInstaller (76)
[2019.02.15-18.46.54:360][967]LogModuleManager: Shutting down and abandoning module OnlineBlueprintSupport (74)
[2019.02.15-18.46.54:360][967]LogModuleManager: Shutting down and abandoning module OnlineSubsystem (70)
[2019.02.15-18.46.54:385][967]LogModuleManager: Shutting down and abandoning module XMPP (65)
[2019.02.15-18.46.54:405][967]LogModuleManager: Shutting down and abandoning module WebSockets (64)
[2019.02.15-18.46.54:421][967]LogModuleManager: Shutting down and abandoning module HTTP (61)
[2019.02.15-18.46.54:426][967]LogHttp: Display: Http module shutting down, but needs to wait on 1 outstanding Http requests:
[2019.02.15-18.46.54:426][967]LogHttp: Display: 	verb=[POST] url=[https://datarouter.ol.epicgames.com/datarouter/api/v1/public/data?SessionID=%7BF567150D-4365-0821-0019-F297FC743CAD%7D&AppID=UEEditor.Rocket.Release&AppVersion=4.20.3-4369336%2B%2B%2BUE4%2BRelease-4.20&UserID=83b85b974a5d3a7f0dc0d1b947a8a94a%7C1b0d1587ca424623a9633c812948354e%7Ccb29fde5-97b4-4223-81a0-fcc346edd0f3&AppEnvironment=datacollector-binary&UploadType=eteventstream] status=Processing
[2019.02.15-18.46.54:447][967]LogModuleManager: Shutting down and abandoning module SSL (60)
[2019.02.15-18.46.54:466][967]LogModuleManager: Shutting down and abandoning module MagicLeapEmulator (56)
[2019.02.15-18.46.54:466][967]LogModuleManager: Shutting down and abandoning module MagicLeapPrivileges (54)
[2019.02.15-18.46.54:466][967]LogModuleManager: Shutting down and abandoning module MagicLeapIdentity (52)
[2019.02.15-18.46.54:466][967]LogModuleManager: Shutting down and abandoning module MagicLeapHelperVulkan (50)
[2019.02.15-18.46.54:466][967]LogModuleManager: Shutting down and abandoning module MagicLeapHelperOpenGL (48)
[2019.02.15-18.46.54:466][967]LogModuleManager: Shutting down and abandoning module MagicLeapSecureStorage (46)
[2019.02.15-18.46.54:466][967]LogModuleManager: Shutting down and abandoning module MagicLeapGestures (44)
[2019.02.15-18.46.54:466][967]LogModuleManager: Shutting down and abandoning module MagicLeapEyeTracker (42)
[2019.02.15-18.46.54:466][967]LogModuleManager: Shutting down and abandoning module MagicLeapController (40)
[2019.02.15-18.46.54:466][967]LogSlate: Slate User Destroyed.  User Index 0, Is Virtual User: 0
[2019.02.15-18.46.54:466][967]LogModuleManager: Shutting down and abandoning module MagicLeap (38)
[2019.02.15-18.46.54:475][967]LogModuleManager: Shutting down and abandoning module AnimationModifiers (36)
[2019.02.15-18.46.54:514][967]LogModuleManager: Shutting down and abandoning module PropertyEditor (35)
[2019.02.15-18.46.54:534][967]LogModuleManager: Shutting down and abandoning module AudioEditor (32)
[2019.02.15-18.46.54:547][967]LogModuleManager: Shutting down and abandoning module TextureCompressor (30)
[2019.02.15-18.46.54:562][967]LogModuleManager: Shutting down and abandoning module ShaderCore (28)
[2019.02.15-18.46.54:562][967]LogModuleManager: Shutting down and abandoning module Landscape (26)
[2019.02.15-18.46.54:562][967]LogModuleManager: Shutting down and abandoning module SlateRHIRenderer (24)
[2019.02.15-18.46.54:586][967]LogModuleManager: Shutting down and abandoning module OpenGLDrv (22)
[2019.02.15-18.46.54:593][967]LogModuleManager: Shutting down and abandoning module D3D11RHI (20)
[2019.02.15-18.46.54:593][967]LogModuleManager: Shutting down and abandoning module AnimGraphRuntime (18)
[2019.02.15-18.46.54:606][967]LogModuleManager: Shutting down and abandoning module Renderer (16)
[2019.02.15-18.46.54:606][967]LogModuleManager: Shutting down and abandoning module Engine (14)
[2019.02.15-18.46.54:606][967]LogModuleManager: Shutting down and abandoning module CoreUObject (12)
[2019.02.15-18.46.54:606][967]LogModuleManager: Shutting down and abandoning module NetworkFile (10)
[2019.02.15-18.46.54:620][967]LogModuleManager: Shutting down and abandoning module CookedIterativeFile (8)
[2019.02.15-18.46.54:621][967]LogModuleManager: Shutting down and abandoning module StreamingFile (6)
[2019.02.15-18.46.54:631][967]LogModuleManager: Shutting down and abandoning module SandboxFile (4)
[2019.02.15-18.46.54:631][967]LogModuleManager: Shutting down and abandoning module PakFile (2)
[2019.02.15-18.46.54:678][967]LogExit: Exiting.
[2019.02.15-18.46.54:683][967]Log file closed, 02/15/19 13:46:54
