Log file open, 02/15/19 03:39:50
LogWindows: Failed to load 'aqProf.dll' (GetLastError=126)
LogWindows: File 'aqProf.dll' does not exist
LogWindows: Failed to load 'VtuneApi.dll' (GetLastError=126)
LogWindows: File 'VtuneApi.dll' does not exist
LogWindows: Failed to load 'VtuneApi32e.dll' (GetLastError=126)
LogWindows: File 'VtuneApi32e.dll' does not exist
LogInit: Display: Running engine for game: ProjectParagon
LogPlatformFile: Not using cached read wrapper
LogTaskGraph: Started task graph with 5 named threads and 23 total threads with 3 sets of task threads.
LogStats: Stats thread started at 0.258741
LogD3D11RHI: Loaded GFSDK_Aftermath_Lib.x64.dll
LogICUInternationalization: Display: ICU TimeZone Detection - Raw Offset: -5:00, Platform Override: ''
LogPluginManager: Mounting plugin Paper2D
LogPluginManager: Mounting plugin AISupport
LogPluginManager: Mounting plugin LightPropagationVolume
LogPluginManager: Mounting plugin CLionSourceCodeAccess
LogPluginManager: Mounting plugin CodeLiteSourceCodeAccess
LogPluginManager: Mounting plugin GitSourceControl
LogPluginManager: Mounting plugin KDevelopSourceCodeAccess
LogPluginManager: Mounting plugin NullSourceCodeAccess
LogPluginManager: Mounting plugin PerforceSourceControl
LogPluginManager: Mounting plugin SubversionSourceControl
LogPluginManager: Mounting plugin UObjectPlugin
LogPluginManager: Mounting plugin VisualStudioCodeSourceCodeAccess
LogPluginManager: Mounting plugin VisualStudioSourceCodeAccess
LogPluginManager: Mounting plugin XCodeSourceCodeAccess
LogPluginManager: Mounting plugin AssetManagerEditor
LogPluginManager: Mounting plugin CryptoKeys
LogPluginManager: Mounting plugin DataValidation
LogPluginManager: Mounting plugin FacialAnimation
LogPluginManager: Mounting plugin GameplayTagsEditor
LogPluginManager: Mounting plugin MacGraphicsSwitching
LogPluginManager: Mounting plugin MeshEditor
LogPluginManager: Mounting plugin MobileLauncherProfileWizard
LogPluginManager: Mounting plugin PluginBrowser
LogPluginManager: Mounting plugin SpeedTreeImporter
LogPluginManager: Mounting plugin DatasmithContent
LogPluginManager: Mounting plugin AlembicImporter
LogPluginManager: Mounting plugin AppleImageUtils
LogPluginManager: Mounting plugin AppleVision
LogPluginManager: Mounting plugin BackChannel
LogPluginManager: Mounting plugin CharacterAI
LogPluginManager: Mounting plugin GeometryCache
LogPluginManager: Mounting plugin HTML5Networking
LogPluginManager: Mounting plugin ProxyLODPlugin
LogPluginManager: Mounting plugin GameSparks
LogPluginManager: Mounting plugin MagicLeap
LogPluginManager: Mounting plugin MagicLeapEmulator
LogPluginManager: Mounting plugin MagicLeapMedia
LogPluginManager: Mounting plugin AndroidMedia
LogPluginManager: Mounting plugin AvfMedia
LogPluginManager: Mounting plugin ImgMedia
LogPluginManager: Mounting plugin LinearTimecode
LogPluginManager: Mounting plugin MediaCompositing
LogPluginManager: Mounting plugin MediaPlayerEditor
LogPluginManager: Mounting plugin WmfMedia
LogPluginManager: Mounting plugin TcpMessaging
LogPluginManager: Mounting plugin UdpMessaging
LogPluginManager: Mounting plugin ActorSequence
LogPluginManager: Mounting plugin LevelSequenceEditor
LogPluginManager: Mounting plugin MatineeToLevelSequence
LogPluginManager: Mounting plugin NetcodeUnitTest
LogPluginManager: Mounting plugin NUTUnrealEngine4
LogPluginManager: Mounting plugin OnlineSubsystemGooglePlay
LogPluginManager: Mounting plugin OnlineSubsystemIOS
LogPluginManager: Mounting plugin OnlineSubsystem
LogPluginManager: Mounting plugin OnlineSubsystemNull
LogPluginManager: Mounting plugin OnlineSubsystemUtils
LogPluginManager: Mounting plugin LauncherChunkInstaller
LogPluginManager: Mounting plugin AndroidDeviceProfileSelector
LogPluginManager: Mounting plugin AndroidMoviePlayer
LogPluginManager: Mounting plugin AndroidPermission
LogPluginManager: Mounting plugin AppleMoviePlayer
LogPluginManager: Mounting plugin ArchVisCharacter
LogPluginManager: Mounting plugin AudioCapture
LogPluginManager: Mounting plugin CableComponent
LogPluginManager: Mounting plugin CustomMeshComponent
LogPluginManager: Mounting plugin EditableMesh
LogPluginManager: Mounting plugin ExampleDeviceProfileSelector
LogPluginManager: Mounting plugin GoogleCloudMessaging
LogPluginManager: Mounting plugin ImmediatePhysics
LogPluginManager: Mounting plugin IOSDeviceProfileSelector
LogPluginManager: Mounting plugin LinuxDeviceProfileSelector
LogPluginManager: Mounting plugin LocationServicesBPLibrary
LogPluginManager: Mounting plugin MobilePatchingUtils
LogPluginManager: Mounting plugin OculusVR
LogPluginManager: Plugin shader directory ../../../Engine/Plugins/Runtime/Oculus/OculusVR/Shaders found
LogPluginManager: Mapping shader source directory ../../../Engine/Plugins/Runtime/Oculus/OculusVR/Shaders to virtual directory /Plugin/OculusVR
LogPluginManager: Mounting plugin PhysXVehicles
LogPluginManager: Mounting plugin ProceduralMeshComponent
LogPluginManager: Mounting plugin RuntimePhysXCooking
LogPluginManager: Mounting plugin SteamVR
LogPluginManager: Mounting plugin WindowsMoviePlayer
LogStreaming: Display: Took  0.045s to configure plugins.
LogInit: Using libcurl 7.55.1-DEV
LogInit:  - built for x86_64-pc-win32
LogInit:  - supports SSL with OpenSSL/1.0.2h
LogInit:  - supports HTTP deflate (compression) using libz 1.2.8
LogInit:  - other features:
LogInit:      CURL_VERSION_SSL
LogInit:      CURL_VERSION_LIBZ
LogInit:      CURL_VERSION_IPV6
LogInit:      CURL_VERSION_ASYNCHDNS
LogInit:      CURL_VERSION_LARGEFILE
LogInit:      CURL_VERSION_IDN
LogInit:  CurlRequestOptions (configurable via config and command line):
LogInit:  - bVerifyPeer = false  - Libcurl will NOT verify peer certificate
LogInit:  - bUseHttpProxy = false  - Libcurl will NOT use HTTP proxy
LogInit:  - bDontReuseConnections = false  - Libcurl will reuse connections
LogInit:  - CertBundlePath = nullptr  - Libcurl will use whatever was configured at build time.
LogInit:  - MaxHostConnections = 16  - Libcurl will limit the number of connections to a host
LogInit:  - LocalHostAddr = Default
LogInit:  - BufferSize = 65536
LogInit: WinSock: version 1.1 (2.2), MaxSocks=32767, MaxUdp=65467
LogInit: Build: ++UE4+Release-4.20-CL-4369336
LogInit: Engine Version: 4.20.3-4369336+++UE4+Release-4.20
LogInit: Compatible Engine Version: 4.20.0-4212847+++UE4+Release-4.20
LogInit: Net CL: 4212847
LogInit: OS: Windows 10 (), CPU: Intel(R) Core(TM) i7-7700K CPU @ 4.20GHz, GPU: NVIDIA GeForce GTX 1080
LogInit: Compiled (64-bit): Sep 17 2018 12:26:19
LogInit: Compiled with Visual C++: 19.13.26129.00
LogInit: Build Configuration: Development
LogInit: Branch Name: ++UE4+Release-4.20
LogInit: Command Line:  
LogInit: Base Directory: D:/Program Files (x86)/Epic Games/UE_4.20/Engine/Binaries/Win64/
LogInit: Installed Engine Build: 1
LogDevObjectVersion: Number of dev versions registered: 20
LogDevObjectVersion:   Dev-Blueprints (B0D832E4-1F89-4F0D-ACCF-7EB736FD4AA2): 10
LogDevObjectVersion:   Dev-Build (E1C64328-A22C-4D53-A36C-8E866417BD8C): 0
LogDevObjectVersion:   Dev-Core (375EC13C-06E4-48FB-B500-84F0262A717E): 2
LogDevObjectVersion:   Dev-Editor (E4B068ED-F494-42E9-A231-DA0B2E46BB41): 24
LogDevObjectVersion:   Dev-Framework (CFFC743F-43B0-4480-9391-14DF171D2073): 34
LogDevObjectVersion:   Dev-Mobile (B02B49B5-BB20-44E9-A304-32B752E40360): 2
LogDevObjectVersion:   Dev-Networking (A4E4105C-59A1-49B5-A7C5-40C4547EDFEE): 0
LogDevObjectVersion:   Dev-Online (39C831C9-5AE6-47DC-9A44-9C173E1C8E7C): 0
LogDevObjectVersion:   Dev-Physics (78F01B33-EBEA-4F98-B9B4-84EACCB95AA2): 0
LogDevObjectVersion:   Dev-Platform (6631380F-2D4D-43E0-8009-CF276956A95A): 0
LogDevObjectVersion:   Dev-Rendering (12F88B9F-8875-4AFC-A67C-D90C383ABD29): 26
LogDevObjectVersion:   Dev-Sequencer (7B5AE74C-D270-4C10-A958-57980B212A5A): 9
LogDevObjectVersion:   Dev-VR (D7296918-1DD6-4BDD-9DE2-64A83CC13884): 2
LogDevObjectVersion:   Dev-LoadTimes (C2A15278-BFE7-4AFE-6C17-90FF531DF755): 1
LogDevObjectVersion:   Private-Geometry (6EACA3D4-40EC-4CC1-B786-8BED09428FC5): 3
LogDevObjectVersion:   Dev-AnimPhys (29E575DD-E0A3-4627-9D10-D276232CDCEA): 17
LogDevObjectVersion:   Dev-ReflectionCapture (6B266CEC-1EC7-4B8F-A30B-E4D90942FC07): 1
LogDevObjectVersion:   Dev-Automation (0DF73D61-A23F-47EA-B727-89E90C41499A): 1
LogDevObjectVersion:   FortniteMain (601D1886-AC64-4F84-AA16-D3DE0DEAC7D6): 12
LogDevObjectVersion:   Dev-Enterprise (9DFFBCD6-494F-0158-E221-12823C92A888): 1
LogStreaming: Display: Took  0.000s to delete old logs.
LogInit: Presizing for max 8388607 objects, including 0 objects not considered by GC, pre-allocating 0 bytes for permanent pool.
LogInit: Object subsystem initialized
[2019.02.15-08.39.51:188][  0]LogInit: Selected Device Profile: [Windows]
[2019.02.15-08.39.51:188][  0]LogInit: Applying CVar settings loaded from the selected device profile: [Windows]
[2019.02.15-08.39.51:196][  0]LogHAL: Display: Platform has ~ 32 GB [34286739456 / 34359738368 / 32], which maps to Largest [LargestMinGB=32, LargerMinGB=12, DefaultMinGB=8, SmallerMinGB=6, SmallestMinGB=0)
[2019.02.15-08.39.51:196][  0]LogInit: Setting Device Profile CVar: [[r.Vulkan.UseRealUBs:1]]
[2019.02.15-08.39.51:196][  0]LogInit: Going up to parent DeviceProfile []
[2019.02.15-08.39.51:196][  0]LogInit: Computer: DESKTOP-JPO613A
[2019.02.15-08.39.51:196][  0]LogInit: User: tonym
[2019.02.15-08.39.51:196][  0]LogInit: CPU Page size=4096, Cores=4
[2019.02.15-08.39.51:196][  0]LogInit: High frequency timer resolution =4.101557 MHz
[2019.02.15-08.39.51:196][  0]LogMemory: Memory total: Physical=31.9GB (32GB approx)
[2019.02.15-08.39.51:196][  0]LogMemory: Platform Memory Stats for Windows
[2019.02.15-08.39.51:196][  0]LogMemory: Process Physical Memory: 102.04 MB used, 102.04 MB peak
[2019.02.15-08.39.51:196][  0]LogMemory: Process Virtual Memory: 91.17 MB used, 91.17 MB peak
[2019.02.15-08.39.51:196][  0]LogMemory: Physical Memory: 10977.07 MB used,  21721.32 MB free, 32698.38 MB total
[2019.02.15-08.39.51:196][  0]LogMemory: Virtual Memory: 4647.07 MB used,  21721.32 MB free, 134217728.00 MB total
[2019.02.15-08.39.51:625][  0]LogInit: Using OS detected language (en-US).
[2019.02.15-08.39.51:625][  0]LogInit: Using OS detected locale (en-US).
[2019.02.15-08.39.51:625][  0]LogTextLocalizationManager: No specific localization for 'en-US' exists, so the 'en' localization will be used.
[2019.02.15-08.39.51:885][  0]LogStreaming: Display: Took  0.259s to InitEngineTextLocalization.
[2019.02.15-08.39.51:885][  0]LogInit: Setting process to per monitor DPI aware
[2019.02.15-08.39.51:885][  0]LogInit: Warning: SetProcessDpiAwareness failed.  Error code 80070005
[2019.02.15-08.39.51:917][  0]LogSlate: New Slate User Created.  User Index 0, Is Virtual User: 0
[2019.02.15-08.39.51:917][  0]LogSlate: Slate User Registered.  User Index 0, Is Virtual User: 0
[2019.02.15-08.39.52:056][  0]LogHMD: Failed to initialize OpenVR with code 110
[2019.02.15-08.39.52:056][  0]LogD3D11RHI: D3D11 adapters:
[2019.02.15-08.39.52:096][  0]LogD3D11RHI:    0. 'NVIDIA GeForce GTX 1080' (Feature Level 11_0)
[2019.02.15-08.39.52:096][  0]LogD3D11RHI:       8079/0/16349 MB DedicatedVideo/DedicatedSystem/SharedSystem, Outputs:2, VendorId:0x10de
[2019.02.15-08.39.52:139][  0]LogD3D11RHI:    1. 'NVIDIA GeForce GTX 1080' (Feature Level 11_0)
[2019.02.15-08.39.52:139][  0]LogD3D11RHI:       8079/0/16349 MB DedicatedVideo/DedicatedSystem/SharedSystem, Outputs:0, VendorId:0x10de
[2019.02.15-08.39.52:140][  0]LogD3D11RHI:    2. 'Microsoft Basic Render Driver' (Feature Level 11_0)
[2019.02.15-08.39.52:141][  0]LogD3D11RHI:       0/0/16349 MB DedicatedVideo/DedicatedSystem/SharedSystem, Outputs:0, VendorId:0x1414
[2019.02.15-08.39.52:141][  0]LogD3D11RHI: Chosen D3D11 Adapter: 0
[2019.02.15-08.39.52:147][  0]LogD3D11RHI: Creating new Direct3DDevice
[2019.02.15-08.39.52:147][  0]LogD3D11RHI:     GPU DeviceId: 0x1b80 (for the marketing name, search the web for "GPU Device Id")
[2019.02.15-08.39.52:147][  0]LogWindows: EnumDisplayDevices:
[2019.02.15-08.39.52:147][  0]LogWindows:    0. 'NVIDIA GeForce GTX 1080' (P:0 D:1)
[2019.02.15-08.39.52:147][  0]LogWindows:    1. 'NVIDIA GeForce GTX 1080' (P:1 D:1)
[2019.02.15-08.39.52:147][  0]LogWindows:    2. 'NVIDIA GeForce GTX 1080' (P:0 D:0)
[2019.02.15-08.39.52:147][  0]LogWindows:    3. 'NVIDIA GeForce GTX 1080' (P:0 D:0)
[2019.02.15-08.39.52:147][  0]LogWindows:    4. 'NVIDIA GeForce GTX 1080' (P:0 D:0)
[2019.02.15-08.39.52:148][  0]LogWindows:    5. 'NVIDIA GeForce GTX 1080' (P:0 D:0)
[2019.02.15-08.39.52:148][  0]LogWindows:    6. 'NVIDIA GeForce GTX 1080' (P:0 D:0)
[2019.02.15-08.39.52:148][  0]LogWindows:    7. 'NVIDIA GeForce GTX 1080' (P:0 D:0)
[2019.02.15-08.39.52:148][  0]LogWindows: DebugString: FoundDriverCount:8 
[2019.02.15-08.39.52:148][  0]LogD3D11RHI:     Adapter Name: NVIDIA GeForce GTX 1080
[2019.02.15-08.39.52:148][  0]LogD3D11RHI:   Driver Version: 417.71 (internal:25.21.14.1771, unified:417.71)
[2019.02.15-08.39.52:148][  0]LogD3D11RHI:      Driver Date: 1-11-2019
[2019.02.15-08.39.52:148][  0]LogRHI: Texture pool is 5655 MB (70% of 8079 MB)
[2019.02.15-08.39.52:177][  0]LogD3D11RHI: Async texture creation enabled
[2019.02.15-08.39.52:203][  0]LogD3D11RHI: GPU Timing Frequency: 1000.000000 (Debug: 2 2)
[2019.02.15-08.39.52:294][  0]LogShaderCompilers: Guid format shader working directory is 14 characters bigger than the processId version (E:/ProjectParagon/ProjectParagon/Intermediate/Shaders/WorkingDirectory/3840/).
[2019.02.15-08.39.52:295][  0]LogShaderCompilers: Cleaned the shader compiler working directory 'C:/Users/tonym/AppData/Local/Temp/UnrealShaderWorkingDir/E2A5BD3C42828BA4AFAEE989FDE1C926/'.
[2019.02.15-08.39.52:460][  0]LogTemp: Display: Loaded TP AllDesktopTargetPlatform
[2019.02.15-08.39.52:469][  0]LogTemp: Display: Loaded TP MacClientTargetPlatform
[2019.02.15-08.39.52:478][  0]LogTemp: Display: Loaded TP MacNoEditorTargetPlatform
[2019.02.15-08.39.52:487][  0]LogTemp: Display: Loaded TP MacServerTargetPlatform
[2019.02.15-08.39.52:496][  0]LogTemp: Display: Loaded TP MacTargetPlatform
[2019.02.15-08.39.52:506][  0]LogTemp: Display: Loaded TP WindowsClientTargetPlatform
[2019.02.15-08.39.52:515][  0]LogTemp: Display: Loaded TP WindowsNoEditorTargetPlatform
[2019.02.15-08.39.52:524][  0]LogTemp: Display: Loaded TP WindowsServerTargetPlatform
[2019.02.15-08.39.52:528][  0]LogTemp: Display: Loaded TP WindowsTargetPlatform
[2019.02.15-08.39.52:584][  0]LogTemp: Display: Loaded TP AndroidTargetPlatform
[2019.02.15-08.39.52:584][  0]LogTemp: Display: Loaded TP AndroidTargetPlatform
[2019.02.15-08.39.52:584][  0]LogTemp: Display: Loaded TP AndroidTargetPlatform
[2019.02.15-08.39.52:584][  0]LogTemp: Display: Loaded TP AndroidTargetPlatform
[2019.02.15-08.39.52:585][  0]LogTemp: Display: Loaded TP AndroidTargetPlatform
[2019.02.15-08.39.52:585][  0]LogTemp: Display: Loaded TP AndroidTargetPlatform
[2019.02.15-08.39.52:585][  0]LogTemp: Display: Loaded TP AndroidTargetPlatform
[2019.02.15-08.39.52:585][  0]LogTemp: Display: Loaded TP AndroidTargetPlatform
[2019.02.15-08.39.52:585][  0]LogTemp: Display: Loaded TP AndroidTargetPlatform
[2019.02.15-08.39.52:585][  0]LogTemp: Display: Loaded TP AndroidTargetPlatform
[2019.02.15-08.39.52:585][  0]LogTemp: Display: Loaded TP AndroidTargetPlatform
[2019.02.15-08.39.52:585][  0]LogTemp: Display: Loaded TP AndroidTargetPlatform
[2019.02.15-08.39.52:585][  0]LogTemp: Display: Loaded TP AndroidTargetPlatform
[2019.02.15-08.39.52:585][  0]LogTemp: Display: Loaded TP AndroidTargetPlatform
[2019.02.15-08.39.52:585][  0]LogTemp: Display: Loaded TP AndroidTargetPlatform
[2019.02.15-08.39.52:585][  0]LogTemp: Display: Loaded TP AndroidTargetPlatform
[2019.02.15-08.39.52:585][  0]LogTemp: Display: Loaded TP AndroidTargetPlatform
[2019.02.15-08.39.52:585][  0]LogTemp: Display: Loaded TP AndroidTargetPlatform
[2019.02.15-08.39.52:585][  0]LogTemp: Display: Loaded TP HTML5TargetPlatform
[2019.02.15-08.39.52:637][  0]LogTemp: Display: Loaded TP IOSTargetPlatform
[2019.02.15-08.39.52:637][  0]LogTemp: Display: Loaded TP IOSTargetPlatform
[2019.02.15-08.39.52:654][  0]LogTemp: Display: Loaded TP TVOSTargetPlatform
[2019.02.15-08.39.52:654][  0]LogTemp: Display: Loaded TP TVOSTargetPlatform
[2019.02.15-08.39.52:663][  0]LogTemp: Display: Loaded TP LinuxClientTargetPlatform
[2019.02.15-08.39.52:672][  0]LogTemp: Display: Loaded TP LinuxNoEditorTargetPlatform
[2019.02.15-08.39.52:681][  0]LogTemp: Display: Loaded TP LinuxServerTargetPlatform
[2019.02.15-08.39.52:690][  0]LogTemp: Display: Loaded TP LinuxTargetPlatform
[2019.02.15-08.39.52:696][  0]LogTemp: Display: Loaded TP LuminTargetPlatform
[2019.02.15-08.39.52:696][  0]LogTargetPlatformManager: Display: Building Assets For Windows
[2019.02.15-08.39.52:727][  0]LogXGEController: Cannot use XGE Controller as Incredibuild is not installed on this machine.
[2019.02.15-08.39.52:727][  0]LogShaderCompilers: Cannot use XGE Shader Compiler as Incredibuild is not installed on this machine.
[2019.02.15-08.39.52:727][  0]LogShaderCompilers: Display: Using Local Shader Compiler.
[2019.02.15-08.39.53:205][  0]LogDerivedDataCache: Display: Max Cache Size: 512 MB
[2019.02.15-08.39.53:244][  0]LogDerivedDataCache: Loaded boot cache 0.04s 71MB C:/Users/tonym/AppData/Local/UnrealEngine/4.20/DerivedDataCache/Boot.ddc.
[2019.02.15-08.39.53:244][  0]LogDerivedDataCache: Display: Loaded Boot cache: C:/Users/tonym/AppData/Local/UnrealEngine/4.20/DerivedDataCache/Boot.ddc
[2019.02.15-08.39.53:244][  0]LogDerivedDataCache: FDerivedDataBackendGraph:  Pak pak cache file E:/ProjectParagon/ProjectParagon/DerivedDataCache/DDC.ddp not found, will not use a pak cache.
[2019.02.15-08.39.53:244][  0]LogDerivedDataCache: Unable to find inner node Pak for hierarchical cache Hierarchy.
[2019.02.15-08.39.53:244][  0]LogDerivedDataCache: FDerivedDataBackendGraph:  CompressedPak pak cache file E:/ProjectParagon/ProjectParagon/DerivedDataCache/Compressed.ddp not found, will not use a pak cache.
[2019.02.15-08.39.53:244][  0]LogDerivedDataCache: Unable to find inner node CompressedPak for hierarchical cache Hierarchy.
[2019.02.15-08.39.53:253][  0]LogDerivedDataCache: Display: Pak cache opened for reading ../../../Engine/DerivedDataCache/Compressed.ddp.
[2019.02.15-08.39.53:265][  0]LogDerivedDataCache: Using Local data cache path C:/Users/tonym/AppData/Local/UnrealEngine/Common/DerivedDataCache: Writable
[2019.02.15-08.39.53:265][  0]LogDerivedDataCache: Shared data cache path not found in *engine.ini, will not use an Shared cache.
[2019.02.15-08.39.53:265][  0]LogDerivedDataCache: Unable to find inner node Shared for hierarchical cache Hierarchy.
[2019.02.15-08.39.53:277][  0]LogMaterial: Verifying Global Shaders for PCD3D_SM5
[2019.02.15-08.39.53:278][  0]LogSlate: Using FreeType 2.6.0
[2019.02.15-08.39.53:278][  0]LogSlate: SlateFontServices - WITH_FREETYPE: 1, WITH_HARFBUZZ: 1
[2019.02.15-08.39.53:335][  0]LogAssetRegistry: FAssetRegistry took 0.0247 seconds to start up
[2019.02.15-08.39.53:569][  0]LogInit: Selected Device Profile: [Windows]
[2019.02.15-08.39.53:656][  0]LogSimplygon: Simplygon DLL not present - disabling.
[2019.02.15-08.39.53:658][  0]LogMeshReduction: Using SimplygonSwarm for distributed automatic mesh merging
[2019.02.15-08.39.53:658][  0]LogMeshReduction: Using ProxyLODMeshReduction for automatic mesh merging
[2019.02.15-08.39.53:658][  0]LogMeshReduction: Using QuadricMeshReduction for automatic static mesh reduction
[2019.02.15-08.39.53:658][  0]LogMeshReduction: No automatic skeletal mesh reduction module available
[2019.02.15-08.39.53:672][  0]LogNetVersion: ProjectParagon 1.0.0, NetCL: 4212847, EngineNetVer: 5, GameNetVer: 0 (Checksum: 3371985753)
[2019.02.15-08.39.54:004][  0]LogPackageLocalizationCache: Processed 12 localized package path(s) for 2 prioritized culture(s) in 0.061837 seconds
[2019.02.15-08.39.54:009][  0]LogUObjectArray: 38425 objects as part of root set at end of initial load.
[2019.02.15-08.39.54:009][  0]LogUObjectAllocator: 6690864 out of 0 bytes used by permanent object pool.
[2019.02.15-08.39.54:009][  0]LogUObjectArray: CloseDisregardForGC: 0/0 objects in disregard for GC pool
[2019.02.15-08.39.54:593][  0]UGameSparksModuleLog: Warning: GameSparks::StartupModule
[2019.02.15-08.39.54:595][  0]LogTcpMessaging: Initializing TcpMessaging bridge
[2019.02.15-08.39.54:608][  0]LogUdpMessaging: Initializing bridge on interface 0.0.0.0:0 to multicast group 230.0.0.1:6666.
[2019.02.15-08.39.54:720][  0]SourceControl: Source control is disabled
[2019.02.15-08.39.54:720][  0]SourceControl: Source control is disabled
[2019.02.15-08.39.54:721][  0]SourceControl: Source control is disabled
[2019.02.15-08.39.54:722][  0]SourceControl: Source control is disabled
[2019.02.15-08.39.54:856][  0]LogAndroidPermission: UAndroidPermissionCallbackProxy::GetInstance
[2019.02.15-08.39.54:895][  0]LogOcInput: OculusInput pre-init called
[2019.02.15-08.39.54:935][  0]LogEngine: Initializing Engine...
[2019.02.15-08.39.54:936][  0]LogHMD: Failed to initialize OpenVR with code 110
[2019.02.15-08.39.54:937][  0]LogStats: UGameplayTagsManager::ConstructGameplayTagTree: ImportINI prefixes -  0.000 s
[2019.02.15-08.39.54:937][  0]LogStats: UGameplayTagsManager::ConstructGameplayTagTree: Construct from data asset -  0.000 s
[2019.02.15-08.39.54:937][  0]LogStats: UGameplayTagsManager::ConstructGameplayTagTree: ImportINI -  0.000 s
[2019.02.15-08.39.54:937][  0]LogStats: UGameplayTagsManager::ConstructGameplayTagTree: GameplayTagTreeChangedEvent.Broadcast -  0.000 s
[2019.02.15-08.39.55:084][  0]LogInit: Initializing FReadOnlyCVARCache
[2019.02.15-08.39.55:093][  0]LogAIModule: Creating AISystem for world Untitled
[2019.02.15-08.39.55:104][  0]LogInit: XAudio2 using 'U28E590 (NVIDIA High Definition Audio)' : 2 channels at 48 kHz using 16 bits per sample (channel mask 0x3)
[2019.02.15-08.39.55:116][  0]LogInit: FAudioDevice initialized.
[2019.02.15-08.39.55:116][  0]LogNetVersion: Set ProjectVersion to 1.0.0.0. Version Checksum will be recalculated on next use.
[2019.02.15-08.39.55:159][  0]LogDerivedDataCache: Saved boot cache 0.04s 71MB C:/Users/tonym/AppData/Local/UnrealEngine/4.20/DerivedDataCache/Boot.ddc.
[2019.02.15-08.39.55:161][  0]LogInit: Texture streaming: Enabled
[2019.02.15-08.39.55:170][  0]LogEngineSessionManager: EngineSessionManager initialized
[2019.02.15-08.39.55:178][  0]LogInit: Transaction tracking system initialized
[2019.02.15-08.39.55:189][  0]BlueprintLog: New page: Editor Load
[2019.02.15-08.39.55:240][  0]LocalizationService: Localization service is disabled
[2019.02.15-08.39.55:407][  0]LogCook: Display: Max memory allowance for cook 16384mb min free memory 0mb
[2019.02.15-08.39.55:407][  0]LogCook: Display: Mobile HDR setting 1
[2019.02.15-08.39.55:407][  0]LogGameplayTags: Display: UGameplayTagsManager::DoneAddingNativeTags. DelegateIsBound: 0
[2019.02.15-08.39.55:407][  0]LogStats: UGameplayTagsManager::ConstructGameplayTagTree: ImportINI prefixes -  0.000 s
[2019.02.15-08.39.55:407][  0]LogStats: UGameplayTagsManager::ConstructGameplayTagTree: Construct from data asset -  0.000 s
[2019.02.15-08.39.55:407][  0]LogStats: UGameplayTagsManager::ConstructGameplayTagTree: ImportINI -  0.000 s
[2019.02.15-08.39.55:407][  0]LogStats: UGameplayTagsManager::ConstructGameplayTagTree: GameplayTagTreeChangedEvent.Broadcast -  0.000 s
[2019.02.15-08.39.55:479][  0]LogFileCache: Scanning file cache for directory 'E:/ProjectParagon/ProjectParagon/Content/' took 0.01s
[2019.02.15-08.39.55:479][  0]SourceControl: Source control is disabled
[2019.02.15-08.39.55:479][  0]Cmd: MAP LOAD FILE="E:/ProjectParagon/ProjectParagon/Content/MainGameCode/Maps/TopDownExampleMap.umap" TEMPLATE=0 SHOWPROGRESS=1 FEATURELEVEL=3
[2019.02.15-08.39.55:479][  0]LightingResults: New page: Lighting Build
[2019.02.15-08.39.55:480][  0]MapCheck: New page: Map Check
[2019.02.15-08.39.55:480][  0]LightingResults: New page: Lighting Build
[2019.02.15-08.39.55:821][  0]LogAIModule: Creating AISystem for world TopDownExampleMap
[2019.02.15-08.39.55:827][  0]LogEditorServer: Finished looking for orphan Actors (0.000 secs)
[2019.02.15-08.39.55:847][  0]Cmd: MAP CHECKDEP NOCLEARLOG
[2019.02.15-08.39.55:888][  0]MapCheck: Map check complete: 0 Error(s), 0 Warning(s), took 40.408ms to complete.
[2019.02.15-08.39.55:888][  0]LogFileHelpers: Loading map 'TopDownExampleMap' took 0.409
[2019.02.15-08.39.55:986][  0]LogSlate: Updating window title bar state: overlay mode, drag disabled, window buttons hidden, title bar hidden
[2019.02.15-08.39.55:991][  0]LogSlate: Updating window title bar state: overlay mode, drag disabled, window buttons hidden, title bar hidden
[2019.02.15-08.39.55:996][  0]LogSlate: Updating window title bar state: overlay mode, drag disabled, window buttons hidden, title bar hidden
[2019.02.15-08.39.56:002][  0]LogSlate: Updating window title bar state: overlay mode, drag disabled, window buttons hidden, title bar hidden
[2019.02.15-08.39.56:005][  0]LogCollectionManager: Loaded 0 collections in 0.000578 seconds
[2019.02.15-08.39.56:045][  0]LogFileCache: Scanning file cache for directory 'E:/ProjectParagon/ProjectParagon/Saved/Collections/' took 0.01s
[2019.02.15-08.39.56:045][  0]LogFileCache: Scanning file cache for directory 'E:/ProjectParagon/ProjectParagon/Content/Developers/tonym/Collections/' took 0.01s
[2019.02.15-08.39.56:045][  0]LogFileCache: Scanning file cache for directory 'E:/ProjectParagon/ProjectParagon/Content/Collections/' took 0.01s
[2019.02.15-08.39.56:045][  0]LogCollectionManager: Rebuilt the GUID cache for 0 collections in 0.000000 seconds
[2019.02.15-08.39.56:052][  0]LogContentBrowser: Native class hierarchy populated in 0.0070 seconds. Added 2672 classes and 607 folders.
[2019.02.15-08.39.56:056][  0]LogContentBrowser: Native class hierarchy updated for 'WidgetCarousel' in 0.0002 seconds. Added 0 classes and 0 folders.
[2019.02.15-08.39.56:083][  0]LogContentBrowser: Native class hierarchy updated for 'AddContentDialog' in 0.0002 seconds. Added 0 classes and 0 folders.
[2019.02.15-08.39.56:086][  0]LogContentBrowser: Native class hierarchy updated for 'SceneOutliner' in 0.0002 seconds. Added 1 classes and 2 folders.
[2019.02.15-08.39.56:099][  0]LogSlate: Took 0.000121 seconds to synchronously load lazily loaded font '../../../Engine/Content/Slate/Fonts/Roboto-Regular.ttf' (155K)
[2019.02.15-08.39.56:100][  0]LogSlate: Took 0.000183 seconds to synchronously load lazily loaded font '../../../Engine/Content/Slate/Fonts/Roboto-Bold.ttf' (160K)
[2019.02.15-08.39.56:104][  0]LogSlate: Took 0.000116 seconds to synchronously load lazily loaded font '../../../Engine/Content/Editor/Slate/Fonts/FontAwesome.ttf' (139K)
[2019.02.15-08.39.56:155][  0]LogRenderer: Reallocating scene render targets to support 1376x656 Format 10 NumSamples 1 (Frame:1).
[2019.02.15-08.39.56:254][  0]LogContentBrowser: Native class hierarchy updated for 'HierarchicalLODOutliner' in 0.0002 seconds. Added 0 classes and 0 folders.
[2019.02.15-08.39.56:254][  0]LogLoad: (Engine Initialization) Total time: 6.23 seconds
[2019.02.15-08.39.56:254][  0]LogLoad: (Engine Initialization) Total Blueprint compile time: 0.00 seconds
[2019.02.15-08.39.56:265][  0]LogWindowsTextInputMethodSystem: Display: IME system now deactivated.
[2019.02.15-08.39.56:283][  0]LogContentStreaming: Texture pool size now 1000 MB
[2019.02.15-08.39.56:317][  0]LogSlate: Took 0.000131 seconds to synchronously load lazily loaded font '../../../Engine/Content/Slate/Fonts/Roboto-Light.ttf' (167K)
[2019.02.15-08.39.56:330][  1]LogAssetRegistry: Asset discovery search completed in 3.0169 seconds
[2019.02.15-08.39.56:331][  1]LogCollectionManager: Rebuilt the object cache for 0 collections in 0.000000 seconds (found 0 objects)
[2019.02.15-08.39.56:331][  1]LogCollectionManager: Fixed up redirectors for 0 collections in 0.000032 seconds (updated 0 objects)
[2019.02.15-08.39.59:291][352]LogSlate: FSceneViewport::OnFocusLost() reason 0
[2019.02.15-08.40.01:952][666]LogSlate: Took 0.000179 seconds to synchronously load lazily loaded font '../../../Engine/Content/Slate/Fonts/Roboto-BoldCondensed.ttf' (158K)
[2019.02.15-08.40.01:981][667]LogMaterial: Display: Missing cached shader map for material Material_0, compiling. 
[2019.02.15-08.40.02:020][668]LogShaderCompilers: Display: Shaders left to compile 5
[2019.02.15-08.40.02:065][670]LogMaterial: Display: Missing cached shader map for material Material_1, compiling. 
[2019.02.15-08.40.02:244][670]LogShaderCompilers: Display: Shaders left to compile 44
[2019.02.15-08.40.02:244][670]LogShaderCompilers: Display: Shaders left to compile 34
[2019.02.15-08.40.02:244][670]LogShaderCompilers: Display: Shaders left to compile 24
[2019.02.15-08.40.02:265][671]LogMaterial: Display: Missing cached shader map for material Material_2, compiling. 
[2019.02.15-08.40.02:300][672]LogMaterial: Display: Missing cached shader map for material Material_3, compiling. 
[2019.02.15-08.40.02:329][673]LogMaterial: Display: Missing cached shader map for material Material_4, compiling. 
[2019.02.15-08.40.02:346][674]LogMaterial: Display: Missing cached shader map for material Material_5, compiling. 
[2019.02.15-08.40.03:240][777]LogShaderCompilers: Display: Shaders left to compile 73
[2019.02.15-08.40.03:751][824]LogSlate: Window 'Reference Viewer' being destroyed
[2019.02.15-08.40.03:758][824]LogSlate: Window 'Reference Viewer' being destroyed
[2019.02.15-08.40.04:006][853]LogShaderCompilers: Display: Shaders left to compile 63
[2019.02.15-08.40.04:153][870]LogShaderCompilers: Display: Shaders left to compile 53
[2019.02.15-08.40.04:211][877]LogShaderCompilers: Display: Shaders left to compile 43
[2019.02.15-08.40.05:280][  3]LogShaderCompilers: Display: Shaders left to compile 33
[2019.02.15-08.40.05:448][ 20]LogShaderCompilers: Display: Shaders left to compile 23
[2019.02.15-08.40.05:489][ 26]LogShaderCompilers: Display: Shaders left to compile 13
[2019.02.15-08.40.05:701][ 51]LogShaderCompilers: Display: Shaders left to compile 3
[2019.02.15-08.40.11:998][803]LogTemp: Repeating last play command: Selected Viewport
[2019.02.15-08.40.12:008][803]LogBlueprintUserMessages: Early PlayInEditor Detection: Level '/Game/MainGameCode/Maps/TopDownExampleMap.TopDownExampleMap:PersistentLevel' has LevelScriptBlueprint '/Game/MainGameCode/Maps/TopDownExampleMap.TopDownExampleMap:PersistentLevel.TopDownExampleMap' with GeneratedClass '/Game/MainGameCode/Maps/TopDownExampleMap.TopDownExampleMap_C' with ClassGeneratedBy '/Game/MainGameCode/Maps/TopDownExampleMap.TopDownExampleMap:PersistentLevel.TopDownExampleMap'
[2019.02.15-08.40.12:008][803]LogPlayLevel: PlayLevel: No blueprints needed recompiling
[2019.02.15-08.40.12:020][803]PIE: New page: PIE session: TopDownExampleMap (Feb 14, 2019, 10:40:12 PM)
[2019.02.15-08.40.12:020][803]LogPlayLevel: Creating play world package: /Game/MainGameCode/Maps/UEDPIE_0_TopDownExampleMap
[2019.02.15-08.40.12:034][803]LogPlayLevel: PIE: StaticDuplicateObject took: (0.014169s)
[2019.02.15-08.40.12:035][803]LogAIModule: Creating AISystem for world TopDownExampleMap
[2019.02.15-08.40.12:035][803]LogPlayLevel: PIE: World Init took: (0.000522s)
[2019.02.15-08.40.12:035][803]LogPlayLevel: PIE: Created PIE world by copying editor world from /Game/MainGameCode/Maps/TopDownExampleMap.TopDownExampleMap to /Game/MainGameCode/Maps/UEDPIE_0_TopDownExampleMap.TopDownExampleMap (0.014819s)
[2019.02.15-08.40.12:060][803]LogInit: XAudio2 using 'U28E590 (NVIDIA High Definition Audio)' : 2 channels at 48 kHz using 16 bits per sample (channel mask 0x3)
[2019.02.15-08.40.12:069][803]LogInit: FAudioDevice initialized.
[2019.02.15-08.40.12:108][803]LogLoad: Game class is 'Paragon_GameMode_C'
[2019.02.15-08.40.12:110][803]LogWorld: Bringing World /Game/MainGameCode/Maps/UEDPIE_0_TopDownExampleMap.TopDownExampleMap up for play (max tick rate 0) at 2019.02.15-03.40.12
[2019.02.15-08.40.12:111][803]LogWorld: Bringing up level for play took: 0.001313
[2019.02.15-08.40.12:124][803]LogContentBrowser: Native class hierarchy updated for 'MovieSceneCapture' in 0.0003 seconds. Added 10 classes and 0 folders.
[2019.02.15-08.40.12:125][803]UGameSparksModuleLog: Warning: GameSparks::Initialize
[2019.02.15-08.40.12:126][803]UGameSparksModuleLog: Initialized
[2019.02.15-08.40.12:129][803]PIE: Play in editor start time for /Game/MainGameCode/Maps/UEDPIE_0_TopDownExampleMap 0.124
[2019.02.15-08.40.12:129][803]LogBlueprintUserMessages: Late PlayInEditor Detection: Level '/Game/MainGameCode/Maps/TopDownExampleMap.TopDownExampleMap:PersistentLevel' has LevelScriptBlueprint '/Game/MainGameCode/Maps/TopDownExampleMap.TopDownExampleMap:PersistentLevel.TopDownExampleMap' with GeneratedClass '/Game/MainGameCode/Maps/TopDownExampleMap.TopDownExampleMap_C' with ClassGeneratedBy '/Game/MainGameCode/Maps/TopDownExampleMap.TopDownExampleMap:PersistentLevel.TopDownExampleMap'
[2019.02.15-08.40.12:803][881]UGameSparksModuleLog: WebSocket callback: {"@class": ".AuthenticatedConnectResponse","connectUrl": "wss://gsp-auw000-se03.gamesparks.net/ws/device/M376628rw8hd","requestId": "0"}
[2019.02.15-08.40.12:803][881]UGameSparksModuleLog: Received new connection url from gamesparks backend. Establishing new connection now.
[2019.02.15-08.40.12:803][881]UGameSparksModuleLog: Create new connection
[2019.02.15-08.40.12:804][881]UGameSparksModuleLog: Handle authentication connect response with immediate handshake
[2019.02.15-08.40.12:805][881]UGameSparksModuleLog: Connection stopped, deleting it
[2019.02.15-08.40.12:805][881]UGameSparksModuleLog: WebSocket closed
[2019.02.15-08.40.13:478][962]UGameSparksModuleLog: WebSocket callback: {"@class":".AuthenticatedConnectResponse","nonce":"b469cbc7-ebdd-424c-bfef-f61d4e125d12","requestId":"0"}
[2019.02.15-08.40.13:478][962]UGameSparksModuleLog: Handle authentication connect response with immediate handshake
[2019.02.15-08.40.13:479][962]UGameSparksModuleLog: Send immediate request: {
	"@class":	".AuthenticatedConnectRequest",
	"hmac":	"jSjfn8Yf8jEim7d0C2JO2npBUUuDtr3z7pPeTmTxW6A=",
	"os":	"Windows",
	"platform":	"Windows",
	"deviceId":	"bef00ac472659f9cca6543a66f0b02fd",
	"deviceStats":	{
		"cpu.cores":	"8",
		"cpu.vendor":	"Intel(R) Core(TM) i7-7700K CPU @ 4.20GHz",
		"engine":	"Unreal Engine",
		"engine.version":	"4.20.0",
		"manufacturer":	"Microsoft",
		"memory":	"32698 MB",
		"model":	"PC",
		"os.name":	"Windows",
		"os.version":	"10.0.17134.556",
		"os.version.major":	"10",
		"os.version.major.minor":	"10.0",
		"resolution":	"2194x1234",
		"gssdk":	"1.1.23.0"
	}
}
[2019.02.15-08.40.13:479][962]UGameSparksModuleLog: Handshake request sent
[2019.02.15-08.40.13:579][974]UGameSparksModuleLog: WebSocket callback: {"@class":".AuthenticatedConnectResponse","requestId":"0","sessionId":"b469cbc7-ebdd-424c-bfef-f61d4e125d12"}
[2019.02.15-08.40.13:579][974]UGameSparksModuleLog: Handle authentication connect response with immediate handshake
[2019.02.15-08.40.13:579][974]UGameSparksModuleLog: Warning: GameSparks::GameSparksAvailable_Static
[2019.02.15-08.40.22:095][993]LogSlate: FSceneViewport::OnFocusLost() reason 2
[2019.02.15-08.40.24:300][255]LogSlate: FSceneViewport::OnFocusLost() reason 0
[2019.02.15-08.40.24:436][264]LogSlate: Window 'ProjectParagon - Unreal Editor' being destroyed
[2019.02.15-08.40.24:437][264]LogWindowsTextInputMethodSystem: Display: IME system now deactivated.
[2019.02.15-08.40.24:473][264]LogBlueprintUserMessages: Early EndPlayMap Detection: Level '/Game/MainGameCode/Maps/TopDownExampleMap.TopDownExampleMap:PersistentLevel' has LevelScriptBlueprint '/Game/MainGameCode/Maps/TopDownExampleMap.TopDownExampleMap:PersistentLevel.TopDownExampleMap' with GeneratedClass '/Game/MainGameCode/Maps/TopDownExampleMap.TopDownExampleMap_C' with ClassGeneratedBy '/Game/MainGameCode/Maps/TopDownExampleMap.TopDownExampleMap:PersistentLevel.TopDownExampleMap'
[2019.02.15-08.40.24:473][264]LogSlate: Updating window title bar state: overlay mode, drag disabled, window buttons hidden, title bar hidden
[2019.02.15-08.40.24:505][264]LogPlayLevel: Display: Shutting down PIE online subsystems
[2019.02.15-08.40.24:505][264]LogBlueprintUserMessages: Late EndPlayMap Detection: Level '/Game/MainGameCode/Maps/TopDownExampleMap.TopDownExampleMap:PersistentLevel' has LevelScriptBlueprint '/Game/MainGameCode/Maps/TopDownExampleMap.TopDownExampleMap:PersistentLevel.TopDownExampleMap' with GeneratedClass '/Game/MainGameCode/Maps/TopDownExampleMap.TopDownExampleMap_C' with ClassGeneratedBy '/Game/MainGameCode/Maps/TopDownExampleMap.TopDownExampleMap:PersistentLevel.TopDownExampleMap'
[2019.02.15-08.40.24:524][264]LogSlate: Updating window title bar state: overlay mode, drag disabled, window buttons hidden, title bar hidden
[2019.02.15-08.40.24:638][265]Cmd: QUIT_EDITOR
[2019.02.15-08.40.25:322][265]LogExit: Preparing to exit.
[2019.02.15-08.40.25:665][265]LogExit: Editor shut down
[2019.02.15-08.40.25:665][265]LogExit: Transaction tracking system shut down
[2019.02.15-08.40.25:989][265]LogExit: Object subsystem successfully closed.
[2019.02.15-08.40.26:007][265]LogShaderCompilers: Display: Shaders left to compile 0
[2019.02.15-08.40.26:009][265]LogD3D11RHI: Shutdown
[2019.02.15-08.40.26:009][265]LogD3D11RHI: CleanupD3DDevice
[2019.02.15-08.40.26:010][265]LogD3D11RHI: ~FD3D11DynamicRHI
[2019.02.15-08.40.26:020][265]LogModuleManager: Shutting down and abandoning module MovieSceneCapture (620)
[2019.02.15-08.40.26:020][265]LogModuleManager: Shutting down and abandoning module Voice (618)
[2019.02.15-08.40.26:020][265]LogModuleManager: Shutting down and abandoning module HierarchicalLODOutliner (616)
[2019.02.15-08.40.26:020][265]LogModuleManager: Shutting down and abandoning module SceneOutliner (614)
[2019.02.15-08.40.26:020][265]LogModuleManager: Shutting down and abandoning module AddContentDialog (612)
[2019.02.15-08.40.26:021][265]LogModuleManager: Shutting down and abandoning module WidgetCarousel (611)
[2019.02.15-08.40.26:021][265]LogModuleManager: Shutting down and abandoning module EditorWidgets (608)
[2019.02.15-08.40.26:021][265]LogModuleManager: Shutting down and abandoning module CollectionManager (606)
[2019.02.15-08.40.26:021][265]LogModuleManager: Shutting down and abandoning module StatsViewer (604)
[2019.02.15-08.40.26:021][265]LogModuleManager: Shutting down and abandoning module FoliageEdit (602)
[2019.02.15-08.40.26:021][265]LogModuleManager: Shutting down and abandoning module LandscapeEditor (600)
[2019.02.15-08.40.26:021][265]LogModuleManager: Shutting down and abandoning module MeshPaintMode (598)
[2019.02.15-08.40.26:021][265]LogModuleManager: Shutting down and abandoning module SceneDepthPickerMode (596)
[2019.02.15-08.40.26:021][265]LogModuleManager: Shutting down and abandoning module ActorPickerMode (594)
[2019.02.15-08.40.26:021][265]LogModuleManager: Shutting down and abandoning module GeometryMode (592)
[2019.02.15-08.40.26:021][265]LogModuleManager: Shutting down and abandoning module TextureAlignMode (590)
[2019.02.15-08.40.26:021][265]LogModuleManager: Shutting down and abandoning module BspMode (588)
[2019.02.15-08.40.26:021][265]LogModuleManager: Shutting down and abandoning module PIEPreviewDeviceProfileSelector (586)
[2019.02.15-08.40.26:021][265]LogModuleManager: Shutting down and abandoning module SequenceRecorderSections (584)
[2019.02.15-08.40.26:021][265]LogModuleManager: Shutting down and abandoning module AutomationWorker (582)
[2019.02.15-08.40.26:021][265]LogModuleManager: Shutting down and abandoning module AudioCaptureEditor (580)
[2019.02.15-08.40.26:021][265]LogModuleManager: Shutting down and abandoning module SequenceRecorder (579)
[2019.02.15-08.40.26:021][265]LogModuleManager: Shutting down and abandoning module MatineeToLevelSequence (576)
[2019.02.15-08.40.26:021][265]LogModuleManager: Shutting down and abandoning module LevelSequenceEditor (574)
[2019.02.15-08.40.26:021][265]LogModuleManager: Shutting down and abandoning module PlacementMode (573)
[2019.02.15-08.40.26:021][265]LogModuleManager: Shutting down and abandoning module MaterialEditor (572)
[2019.02.15-08.40.26:021][265]LogModuleManager: Shutting down and abandoning module WmfMediaFactory (568)
[2019.02.15-08.40.26:021][265]LogModuleManager: Shutting down and abandoning module WmfMediaEditor (566)
[2019.02.15-08.40.26:021][265]LogModuleManager: Shutting down and abandoning module MediaPlayerEditor (564)
[2019.02.15-08.40.26:022][265]LogModuleManager: Shutting down and abandoning module OpenExrWrapper (562)
[2019.02.15-08.40.26:022][265]LogModuleManager: Shutting down and abandoning module ImgMediaFactory (560)
[2019.02.15-08.40.26:022][265]LogModuleManager: Shutting down and abandoning module ImgMediaEditor (558)
[2019.02.15-08.40.26:022][265]LogModuleManager: Shutting down and abandoning module AvfMediaFactory (556)
[2019.02.15-08.40.26:022][265]LogModuleManager: Shutting down and abandoning module AvfMediaEditor (554)
[2019.02.15-08.40.26:022][265]LogModuleManager: Shutting down and abandoning module AndroidMediaFactory (552)
[2019.02.15-08.40.26:022][265]LogModuleManager: Shutting down and abandoning module AndroidMediaEditor (550)
[2019.02.15-08.40.26:022][265]LogModuleManager: Shutting down and abandoning module MagicLeapCameraPreviewFactory (548)
[2019.02.15-08.40.26:022][265]LogModuleManager: Shutting down and abandoning module MagicLeapMediaFactory (546)
[2019.02.15-08.40.26:022][265]LogModuleManager: Shutting down and abandoning module MagicLeapMediaEditor (544)
[2019.02.15-08.40.26:022][265]LogModuleManager: Shutting down and abandoning module CharacterAI (542)
[2019.02.15-08.40.26:022][265]LogModuleManager: Shutting down and abandoning module SmartSnapping (540)
[2019.02.15-08.40.26:022][265]LogModuleManager: Shutting down and abandoning module SessionServices (538)
[2019.02.15-08.40.26:022][265]LogModuleManager: Shutting down and abandoning module ViewportSnapping (536)
[2019.02.15-08.40.26:022][265]LogModuleManager: Shutting down and abandoning module ViewportInteraction (534)
[2019.02.15-08.40.26:022][265]LogModuleManager: Shutting down and abandoning module ClothPainter (532)
[2019.02.15-08.40.26:022][265]LogModuleManager: Shutting down and abandoning module SkeletalMeshEditor (531)
[2019.02.15-08.40.26:022][265]LogModuleManager: Shutting down and abandoning module LogVisualizer (528)
[2019.02.15-08.40.26:022][265]LogModuleManager: Shutting down and abandoning module IntroTutorials (526)
[2019.02.15-08.40.26:022][265]LogModuleManager: Shutting down and abandoning module GameProjectGeneration (525)
[2019.02.15-08.40.26:022][265]LogModuleManager: Shutting down and abandoning module LuminPlatformEditor (522)
[2019.02.15-08.40.26:022][265]LogModuleManager: Shutting down and abandoning module IOSPlatformEditor (520)
[2019.02.15-08.40.26:022][265]LogModuleManager: Shutting down and abandoning module HTML5PlatformEditor (518)
[2019.02.15-08.40.26:022][265]LogModuleManager: Shutting down and abandoning module AndroidPlatformEditor (516)
[2019.02.15-08.40.26:022][265]LogModuleManager: Shutting down and abandoning module AndroidDeviceDetection (515)
[2019.02.15-08.40.27:286][265]LogModuleManager: Shutting down and abandoning module WindowsPlatformEditor (512)
[2019.02.15-08.40.27:286][265]LogModuleManager: Shutting down and abandoning module LuminRuntimeSettings (510)
[2019.02.15-08.40.27:286][265]LogModuleManager: Shutting down and abandoning module IOSRuntimeSettings (508)
[2019.02.15-08.40.27:286][265]LogModuleManager: Shutting down and abandoning module AndroidRuntimeSettings (506)
[2019.02.15-08.40.27:286][265]LogModuleManager: Shutting down and abandoning module InputBindingEditor (504)
[2019.02.15-08.40.27:286][265]LogModuleManager: Shutting down and abandoning module MergeActors (502)
[2019.02.15-08.40.27:286][265]LogModuleManager: Shutting down and abandoning module LocalizationDashboard (500)
[2019.02.15-08.40.27:286][265]LogModuleManager: Shutting down and abandoning module LocalizationService (499)
[2019.02.15-08.40.27:286][265]LogModuleManager: Shutting down and abandoning module HardwareTargeting (496)
[2019.02.15-08.40.27:286][265]LogModuleManager: Shutting down and abandoning module DeviceProfileEditor (494)
[2019.02.15-08.40.27:286][265]LogModuleManager: Shutting down and abandoning module UndoHistory (492)
[2019.02.15-08.40.27:286][265]LogModuleManager: Shutting down and abandoning module XmlParser (490)
[2019.02.15-08.40.27:286][265]LogModuleManager: Shutting down and abandoning module Blutility (488)
[2019.02.15-08.40.27:286][265]LogModuleManager: Shutting down and abandoning module ProjectSettingsViewer (486)
[2019.02.15-08.40.27:286][265]LogModuleManager: Shutting down and abandoning module ProjectTargetPlatformEditor (485)
[2019.02.15-08.40.27:286][265]LogModuleManager: Shutting down and abandoning module EditorSettingsViewer (482)
[2019.02.15-08.40.27:286][265]LogModuleManager: Shutting down and abandoning module SettingsEditor (480)
[2019.02.15-08.40.27:286][265]LogModuleManager: Shutting down and abandoning module ProjectLauncher (478)
[2019.02.15-08.40.27:286][265]LogModuleManager: Shutting down and abandoning module SessionFrontend (476)
[2019.02.15-08.40.27:286][265]LogModuleManager: Shutting down and abandoning module ProfilerClient (474)
[2019.02.15-08.40.27:286][265]LogModuleManager: Shutting down and abandoning module DeviceManager (472)
[2019.02.15-08.40.27:286][265]LogModuleManager: Shutting down and abandoning module TargetDeviceServices (471)
[2019.02.15-08.40.27:340][265]LogModuleManager: Shutting down and abandoning module AutomationController (468)
[2019.02.15-08.40.27:340][265]LogModuleManager: Shutting down and abandoning module AutomationWindow (466)
[2019.02.15-08.40.27:340][265]LogModuleManager: Shutting down and abandoning module Layers (464)
[2019.02.15-08.40.27:340][265]LogModuleManager: Shutting down and abandoning module ComponentVisualizers (462)
[2019.02.15-08.40.27:340][265]LogModuleManager: Shutting down and abandoning module DetailCustomizations (460)
[2019.02.15-08.40.27:340][265]LogModuleManager: Shutting down and abandoning module PackagesDialog (458)
[2019.02.15-08.40.27:340][265]LogModuleManager: Shutting down and abandoning module Persona (456)
[2019.02.15-08.40.27:340][265]LogModuleManager: Shutting down and abandoning module AdvancedPreviewScene (455)
[2019.02.15-08.40.27:340][265]LogModuleManager: Shutting down and abandoning module AnimGraph (453)
[2019.02.15-08.40.27:340][265]LogModuleManager: Shutting down and abandoning module Kismet (450)
[2019.02.15-08.40.27:340][265]LogModuleManager: Shutting down and abandoning module GraphEditor (448)
[2019.02.15-08.40.27:340][265]LogModuleManager: Shutting down and abandoning module ClassViewer (446)
[2019.02.15-08.40.27:340][265]LogModuleManager: Shutting down and abandoning module Toolbox (444)
[2019.02.15-08.40.27:340][265]LogModuleManager: Shutting down and abandoning module DesktopPlatform (443)
[2019.02.15-08.40.27:340][265]LogModuleManager: Shutting down and abandoning module ModuleUI (440)
[2019.02.15-08.40.27:340][265]LogModuleManager: Shutting down and abandoning module MovieSceneTools (438)
[2019.02.15-08.40.27:340][265]LogModuleManager: Shutting down and abandoning module OutputLog (436)
[2019.02.15-08.40.27:340][265]LogModuleManager: Shutting down and abandoning module GammaUI (434)
[2019.02.15-08.40.27:340][265]LogModuleManager: Shutting down and abandoning module Documentation (432)
[2019.02.15-08.40.27:340][265]LogModuleManager: Shutting down and abandoning module MovieSceneTracks (430)
[2019.02.15-08.40.27:340][265]LogModuleManager: Shutting down and abandoning module MovieScene (428)
[2019.02.15-08.40.27:340][265]LogModuleManager: Shutting down and abandoning module StreamingPauseRendering (426)
[2019.02.15-08.40.27:340][265]LogModuleManager: Shutting down and abandoning module LauncherPlatform (424)
[2019.02.15-08.40.27:340][265]LogModuleManager: Shutting down and abandoning module AnalyticsET (422)
[2019.02.15-08.40.27:340][265]LogModuleManager: Shutting down and abandoning module PortalServices (420)
[2019.02.15-08.40.27:340][265]LogModuleManager: Shutting down and abandoning module PortalRpc (418)
[2019.02.15-08.40.27:340][265]LogModuleManager: Shutting down and abandoning module MessagingRpc (416)
[2019.02.15-08.40.27:340][265]LogModuleManager: Shutting down and abandoning module AIModule (414)
[2019.02.15-08.40.27:340][265]LogModuleManager: Shutting down and abandoning module GameplayDebugger (413)
[2019.02.15-08.40.27:340][265]LogModuleManager: Shutting down and abandoning module AITestSuite (411)
[2019.02.15-08.40.27:340][265]LogModuleManager: Shutting down and abandoning module NavigationSystem (409)
[2019.02.15-08.40.27:340][265]LogModuleManager: Shutting down and abandoning module ProfilerService (406)
[2019.02.15-08.40.27:460][265]LogModuleManager: Shutting down and abandoning module TaskGraph (404)
[2019.02.15-08.40.27:460][265]LogModuleManager: Shutting down and abandoning module SteamVRController (402)
[2019.02.15-08.40.27:460][265]LogModuleManager: Shutting down and abandoning module ProceduralMeshComponentEditor (400)
[2019.02.15-08.40.27:460][265]LogModuleManager: Shutting down and abandoning module ProceduralMeshComponent (398)
[2019.02.15-08.40.27:460][265]LogModuleManager: Shutting down and abandoning module OculusInput (396)
[2019.02.15-08.40.27:460][265]LogModuleManager: Shutting down and abandoning module MobilePatchingUtils (394)
[2019.02.15-08.40.27:460][265]LogModuleManager: Shutting down and abandoning module EditableMesh (392)
[2019.02.15-08.40.27:460][265]LogModuleManager: Shutting down and abandoning module CustomMeshComponent (390)
[2019.02.15-08.40.27:460][265]LogModuleManager: Shutting down and abandoning module CableComponent (388)
[2019.02.15-08.40.27:460][265]LogModuleManager: Shutting down and abandoning module AudioCapture (386)
[2019.02.15-08.40.27:460][265]LogModuleManager: Shutting down and abandoning module ArchVisCharacter (384)
[2019.02.15-08.40.27:460][265]LogModuleManager: Shutting down and abandoning module AndroidPermission (382)
[2019.02.15-08.40.27:460][265]LogModuleManager: Shutting down and abandoning module NUTUnrealEngine4 (380)
[2019.02.15-08.40.27:460][265]LogModuleManager: Shutting down and abandoning module NetcodeUnitTest (378)
[2019.02.15-08.40.27:460][265]LogModuleManager: Shutting down and abandoning module MediaCompositingEditor (376)
[2019.02.15-08.40.27:460][265]LogModuleManager: Shutting down and abandoning module MediaCompositing (374)
[2019.02.15-08.40.27:460][265]LogModuleManager: Shutting down and abandoning module LinearTimecode (372)
[2019.02.15-08.40.27:460][265]LogModuleManager: Shutting down and abandoning module ImgMedia (370)
[2019.02.15-08.40.27:463][265]LogModuleManager: Shutting down and abandoning module HTML5Networking (366)
[2019.02.15-08.40.27:463][265]LogModuleManager: Shutting down and abandoning module GeometryCacheTracks (364)
[2019.02.15-08.40.27:463][265]LogModuleManager: Shutting down and abandoning module GeometryCacheSequencer (362)
[2019.02.15-08.40.27:463][265]LogModuleManager: Shutting down and abandoning module BackChannel (360)
[2019.02.15-08.40.27:463][265]LogModuleManager: Shutting down and abandoning module AppleVision (358)
[2019.02.15-08.40.27:463][265]LogModuleManager: Shutting down and abandoning module AppleImageUtils (356)
[2019.02.15-08.40.27:463][265]LogModuleManager: Shutting down and abandoning module AlembicImporter (354)
[2019.02.15-08.40.27:463][265]LogModuleManager: Shutting down and abandoning module AlembicLibrary (353)
[2019.02.15-08.40.27:463][265]LogModuleManager: Shutting down and abandoning module GeometryCache (352)
[2019.02.15-08.40.27:463][265]LogModuleManager: Shutting down and abandoning module GeometryCacheEd (351)
[2019.02.15-08.40.27:463][265]LogModuleManager: Shutting down and abandoning module DatasmithContentEditor (346)
[2019.02.15-08.40.27:463][265]LogModuleManager: Shutting down and abandoning module DatasmithContent (344)
[2019.02.15-08.40.27:463][265]LogModuleManager: Shutting down and abandoning module SpeedTreeImporter (342)
[2019.02.15-08.40.27:463][265]LogModuleManager: Shutting down and abandoning module PluginBrowser (340)
[2019.02.15-08.40.27:463][265]LogModuleManager: Shutting down and abandoning module MobileLauncherProfileWizard (338)
[2019.02.15-08.40.27:463][265]LogModuleManager: Shutting down and abandoning module PolygonModeling (336)
[2019.02.15-08.40.27:463][265]LogModuleManager: Shutting down and abandoning module MeshEditor (334)
[2019.02.15-08.40.27:463][265]LogModuleManager: Shutting down and abandoning module CryptoKeysOpenSSL (332)
[2019.02.15-08.40.27:463][265]LogModuleManager: Shutting down and abandoning module CryptoKeys (330)
[2019.02.15-08.40.27:463][265]LogModuleManager: Shutting down and abandoning module VisualStudioSourceCodeAccess (328)
[2019.02.15-08.40.27:463][265]LogModuleManager: Shutting down and abandoning module VisualStudioCodeSourceCodeAccess (326)
[2019.02.15-08.40.27:463][265]LogModuleManager: Shutting down and abandoning module UObjectPlugin (324)
[2019.02.15-08.40.27:463][265]LogModuleManager: Shutting down and abandoning module SubversionSourceControl (322)
[2019.02.15-08.40.27:463][265]LogModuleManager: Shutting down and abandoning module PerforceSourceControl (320)
[2019.02.15-08.40.27:463][265]LogModuleManager: Shutting down and abandoning module GitSourceControl (318)
[2019.02.15-08.40.27:463][265]LogModuleManager: Shutting down and abandoning module SourceControl (317)
[2019.02.15-08.40.27:463][265]LogModuleManager: Shutting down and abandoning module CLionSourceCodeAccess (314)
[2019.02.15-08.40.27:463][265]LogModuleManager: Shutting down and abandoning module LightPropagationVolumeEditor (312)
[2019.02.15-08.40.27:463][265]LogModuleManager: Shutting down and abandoning module PaperTiledImporter (310)
[2019.02.15-08.40.27:463][265]LogModuleManager: Shutting down and abandoning module PaperSpriteSheetImporter (308)
[2019.02.15-08.40.27:463][265]LogModuleManager: Shutting down and abandoning module Paper2DEditor (306)
[2019.02.15-08.40.27:464][265]LogModuleManager: Shutting down and abandoning module MeshPaint (305)
[2019.02.15-08.40.27:464][265]LogModuleManager: Shutting down and abandoning module ProjectParagon (302)
[2019.02.15-08.40.27:464][265]LogModuleManager: Shutting down and abandoning module RuntimePhysXCooking (300)
[2019.02.15-08.40.27:464][265]LogModuleManager: Shutting down and abandoning module PhysXVehiclesEditor (298)
[2019.02.15-08.40.27:464][265]LogModuleManager: Shutting down and abandoning module PhysXVehicles (296)
[2019.02.15-08.40.27:464][265]LogModuleManager: Shutting down and abandoning module OculusEditor (294)
[2019.02.15-08.40.27:464][265]LogModuleManager: Shutting down and abandoning module LocationServicesBPLibrary (292)
[2019.02.15-08.40.27:464][265]LogModuleManager: Shutting down and abandoning module ImmediatePhysicsEditor (290)
[2019.02.15-08.40.27:464][265]LogModuleManager: Shutting down and abandoning module ImmediatePhysics (288)
[2019.02.15-08.40.27:464][265]LogModuleManager: Shutting down and abandoning module ActorSequence (286)
[2019.02.15-08.40.27:464][265]LogModuleManager: Shutting down and abandoning module UdpMessaging (284)
[2019.02.15-08.40.27:565][265]LogModuleManager: Shutting down and abandoning module TcpMessaging (282)
[2019.02.15-08.40.27:665][265]LogModuleManager: Shutting down and abandoning module MagicLeapAudio (280)
[2019.02.15-08.40.27:665][265]LogModuleManager: Shutting down and abandoning module GameSparks (278)
[2019.02.15-08.40.27:665][265]UGameSparksModuleLog: Starting connection terminate
[2019.02.15-08.40.27:665][265]UGameSparksModuleLog: WebSocket closed
[2019.02.15-08.40.27:665][265]UGameSparksModuleLog: Connection terminated
[2019.02.15-08.40.27:665][265]UGameSparksModuleLog: Warning: GameSparks::GameSparksAvailable_Static
[2019.02.15-08.40.27:665][265]LogModuleManager: Shutting down and abandoning module GameplayTagsEditor (276)
[2019.02.15-08.40.27:665][265]LogModuleManager: Shutting down and abandoning module FacialAnimationEditor (274)
[2019.02.15-08.40.27:665][265]LogModuleManager: Shutting down and abandoning module FacialAnimation (272)
[2019.02.15-08.40.27:665][265]LogModuleManager: Shutting down and abandoning module DataValidation (270)
[2019.02.15-08.40.27:665][265]LogModuleManager: Shutting down and abandoning module AssetManagerEditor (268)
[2019.02.15-08.40.27:665][265]LogModuleManager: Shutting down and abandoning module LevelEditor (267)
[2019.02.15-08.40.27:666][265]LogModuleManager: Shutting down and abandoning module PixelInspectorModule (266)
[2019.02.15-08.40.27:666][265]LogModuleManager: Shutting down and abandoning module CommonMenuExtensions (264)
[2019.02.15-08.40.27:666][265]LogModuleManager: Shutting down and abandoning module MainFrame (262)
[2019.02.15-08.40.27:666][265]LogModuleManager: Shutting down and abandoning module HotReload (261)
[2019.02.15-08.40.27:666][265]LogModuleManager: Shutting down and abandoning module ContentBrowser (257)
[2019.02.15-08.40.27:667][265]LogModuleManager: Shutting down and abandoning module TreeMap (255)
[2019.02.15-08.40.27:667][265]LogModuleManager: Shutting down and abandoning module LightPropagationVolumeRuntime (252)
[2019.02.15-08.40.27:667][265]LogModuleManager: Shutting down and abandoning module AISupportModule (250)
[2019.02.15-08.40.27:667][265]LogModuleManager: Shutting down and abandoning module Paper2D (248)
[2019.02.15-08.40.27:667][265]LogModuleManager: Shutting down and abandoning module WindowsMoviePlayer (246)
[2019.02.15-08.40.27:667][265]LogModuleManager: Shutting down and abandoning module WmfMedia (244)
[2019.02.15-08.40.27:669][265]LogModuleManager: Shutting down and abandoning module Media (243)
[2019.02.15-08.40.27:675][265]LogModuleManager: Shutting down and abandoning module PacketHandler (240)
[2019.02.15-08.40.27:675][265]LogModuleManager: Shutting down and abandoning module ClothingSystemEditor (238)
[2019.02.15-08.40.27:675][265]LogModuleManager: Shutting down and abandoning module ClothingSystemRuntime (236)
[2019.02.15-08.40.27:675][265]LogModuleManager: Shutting down and abandoning module MediaAssets (234)
[2019.02.15-08.40.27:675][265]LogModuleManager: Shutting down and abandoning module Overlay (232)
[2019.02.15-08.40.27:675][265]LogModuleManager: Shutting down and abandoning module OverlayEditor (231)
[2019.02.15-08.40.27:675][265]LogModuleManager: Shutting down and abandoning module VREditor (228)
[2019.02.15-08.40.27:675][265]LogModuleManager: Shutting down and abandoning module StringTableEditor (226)
[2019.02.15-08.40.27:675][265]LogModuleManager: Shutting down and abandoning module GameplayTasksEditor (224)
[2019.02.15-08.40.27:675][265]LogModuleManager: Shutting down and abandoning module BehaviorTreeEditor (222)
[2019.02.15-08.40.27:675][265]LogModuleManager: Shutting down and abandoning module FunctionalTesting (220)
[2019.02.15-08.40.27:675][265]LogModuleManager: Shutting down and abandoning module CollisionAnalyzer (218)
[2019.02.15-08.40.27:675][265]LogModuleManager: Shutting down and abandoning module WorkspaceMenuStructure (217)
[2019.02.15-08.40.27:675][265]LogModuleManager: Shutting down and abandoning module UMG (214)
[2019.02.15-08.40.27:675][265]LogModuleManager: Shutting down and abandoning module UMGEditor (213)
[2019.02.15-08.40.27:675][265]LogModuleManager: Shutting down and abandoning module Sequencer (212)
[2019.02.15-08.40.27:675][265]LogModuleManager: Shutting down and abandoning module MessageLog (209)
[2019.02.15-08.40.27:675][265]LogModuleManager: Shutting down and abandoning module SlateReflector (204)
[2019.02.15-08.40.27:675][265]LogModuleManager: Shutting down and abandoning module Slate (202)
[2019.02.15-08.40.27:675][265]LogModuleManager: Shutting down and abandoning module EditorStyle (200)
[2019.02.15-08.40.27:676][265]LogModuleManager: Shutting down and abandoning module MRMesh (198)
[2019.02.15-08.40.27:676][265]LogModuleManager: Shutting down and abandoning module SourceCodeAccess (196)
[2019.02.15-08.40.27:676][265]LogModuleManager: Shutting down and abandoning module HeadMountedDisplay (194)
[2019.02.15-08.40.27:676][265]LogModuleManager: Shutting down and abandoning module XAudio2 (192)
[2019.02.15-08.40.27:676][265]LogModuleManager: Shutting down and abandoning module Networking (190)
[2019.02.15-08.40.27:676][265]LogModuleManager: Shutting down and abandoning module Core (188)
[2019.02.15-08.40.27:676][265]LogModuleManager: Shutting down and abandoning module LevelSequence (186)
[2019.02.15-08.40.27:676][265]LogModuleManager: Shutting down and abandoning module KismetCompiler (184)
[2019.02.15-08.40.27:676][265]LogModuleManager: Shutting down and abandoning module MeshUtilities (182)
[2019.02.15-08.40.27:676][265]LogModuleManager: Shutting down and abandoning module MeshMergeUtilities (181)
[2019.02.15-08.40.27:677][265]LogModuleManager: Shutting down and abandoning module MeshReductionInterface (180)
[2019.02.15-08.40.27:677][265]LogModuleManager: Shutting down and abandoning module SimplygonSwarm (179)
[2019.02.15-08.40.27:677][265]LogModuleManager: Shutting down and abandoning module ProxyLODMeshReduction (177)
[2019.02.15-08.40.27:677][265]LogModuleManager: Shutting down and abandoning module SimplygonMeshReduction (175)
[2019.02.15-08.40.27:677][265]LogModuleManager: Shutting down and abandoning module QuadricMeshReduction (173)
[2019.02.15-08.40.27:677][265]LogModuleManager: Shutting down and abandoning module MaterialBaking (169)
[2019.02.15-08.40.27:677][265]LogModuleManager: Shutting down and abandoning module DirectoryWatcher (165)
[2019.02.15-08.40.27:677][265]LogModuleManager: Shutting down and abandoning module DerivedDataCache (162)
[2019.02.15-08.40.27:798][265]LogDerivedDataCache: Shutdown
[2019.02.15-08.40.27:798][265]LogModuleManager: Shutting down and abandoning module XGEController (160)
[2019.02.15-08.40.27:798][265]LogModuleManager: Shutting down and abandoning module TargetPlatform (158)
[2019.02.15-08.40.27:798][265]LogModuleManager: Shutting down and abandoning module VulkanShaderFormat (157)
[2019.02.15-08.40.27:798][265]LogModuleManager: Shutting down and abandoning module ShaderFormatVectorVM (155)
[2019.02.15-08.40.27:798][265]LogModuleManager: Shutting down and abandoning module ShaderFormatOpenGL (153)
[2019.02.15-08.40.27:798][265]LogModuleManager: Shutting down and abandoning module ShaderFormatD3D (151)
[2019.02.15-08.40.27:798][265]LogModuleManager: Shutting down and abandoning module MetalShaderFormat (149)
[2019.02.15-08.40.27:798][265]LogModuleManager: Shutting down and abandoning module TextureFormatUncompressed (147)
[2019.02.15-08.40.27:798][265]LogModuleManager: Shutting down and abandoning module TextureFormatPVR (145)
[2019.02.15-08.40.27:798][265]LogModuleManager: Shutting down and abandoning module TextureFormatDXT (143)
[2019.02.15-08.40.27:798][265]LogModuleManager: Shutting down and abandoning module TextureFormatIntelISPCTexComp (141)
[2019.02.15-08.40.27:798][265]LogModuleManager: Shutting down and abandoning module TextureFormatASTC (139)
[2019.02.15-08.40.27:798][265]LogModuleManager: Shutting down and abandoning module ImageWrapper (138)
[2019.02.15-08.40.27:798][265]LogModuleManager: Shutting down and abandoning module TextureFormatAndroid (135)
[2019.02.15-08.40.27:798][265]LogModuleManager: Shutting down and abandoning module AudioFormatOpus (133)
[2019.02.15-08.40.27:798][265]LogModuleManager: Shutting down and abandoning module AudioFormatOgg (131)
[2019.02.15-08.40.27:798][265]LogModuleManager: Shutting down and abandoning module AudioFormatADPCM (129)
[2019.02.15-08.40.27:798][265]LogModuleManager: Shutting down and abandoning module LuminTargetPlatform (127)
[2019.02.15-08.40.27:798][265]LogModuleManager: Shutting down and abandoning module LinuxTargetPlatform (125)
[2019.02.15-08.40.27:798][265]LogModuleManager: Shutting down and abandoning module LinuxServerTargetPlatform (123)
[2019.02.15-08.40.27:798][265]LogModuleManager: Shutting down and abandoning module LinuxNoEditorTargetPlatform (121)
[2019.02.15-08.40.27:798][265]LogModuleManager: Shutting down and abandoning module LinuxClientTargetPlatform (119)
[2019.02.15-08.40.27:798][265]LogModuleManager: Shutting down and abandoning module TVOSTargetPlatform (117)
[2019.02.15-08.40.27:798][265]LogModuleManager: Shutting down and abandoning module Messaging (115)
[2019.02.15-08.40.27:798][265]LogModuleManager: Shutting down and abandoning module IOSTargetPlatform (113)
[2019.02.15-08.40.27:799][265]LogModuleManager: Shutting down and abandoning module HTML5TargetPlatform (111)
[2019.02.15-08.40.27:799][265]LogModuleManager: Shutting down and abandoning module AndroidTargetPlatform (109)
[2019.02.15-08.40.27:804][265]LogModuleManager: Shutting down and abandoning module WindowsTargetPlatform (107)
[2019.02.15-08.40.27:804][265]LogModuleManager: Shutting down and abandoning module WindowsServerTargetPlatform (105)
[2019.02.15-08.40.27:804][265]LogModuleManager: Shutting down and abandoning module WindowsNoEditorTargetPlatform (103)
[2019.02.15-08.40.27:804][265]LogModuleManager: Shutting down and abandoning module WindowsClientTargetPlatform (101)
[2019.02.15-08.40.27:804][265]LogModuleManager: Shutting down and abandoning module MacTargetPlatform (99)
[2019.02.15-08.40.27:804][265]LogModuleManager: Shutting down and abandoning module MacServerTargetPlatform (97)
[2019.02.15-08.40.27:804][265]LogModuleManager: Shutting down and abandoning module MacNoEditorTargetPlatform (95)
[2019.02.15-08.40.27:804][265]LogModuleManager: Shutting down and abandoning module MacClientTargetPlatform (93)
[2019.02.15-08.40.27:804][265]LogModuleManager: Shutting down and abandoning module AllDesktopTargetPlatform (91)
[2019.02.15-08.40.27:804][265]LogModuleManager: Shutting down and abandoning module InputCore (88)
[2019.02.15-08.40.27:804][265]LogModuleManager: Shutting down and abandoning module Settings (86)
[2019.02.15-08.40.27:804][265]LogModuleManager: Shutting down and abandoning module PhysXCooking (84)
[2019.02.15-08.40.27:804][265]LogModuleManager: Shutting down and abandoning module SteamVR (82)
[2019.02.15-08.40.27:804][265]LogModuleManager: Shutting down and abandoning module OculusHMD (80)
[2019.02.15-08.40.27:804][265]LogModuleManager: Shutting down and abandoning module ExampleDeviceProfileSelector (78)
[2019.02.15-08.40.27:804][265]LogModuleManager: Shutting down and abandoning module LauncherChunkInstaller (76)
[2019.02.15-08.40.27:804][265]LogModuleManager: Shutting down and abandoning module OnlineBlueprintSupport (74)
[2019.02.15-08.40.27:804][265]LogModuleManager: Shutting down and abandoning module OnlineSubsystem (70)
[2019.02.15-08.40.27:805][265]LogModuleManager: Shutting down and abandoning module XMPP (65)
[2019.02.15-08.40.27:805][265]LogModuleManager: Shutting down and abandoning module WebSockets (64)
[2019.02.15-08.40.27:831][265]LogModuleManager: Shutting down and abandoning module HTTP (61)
[2019.02.15-08.40.27:831][265]LogHttp: Display: Http module shutting down, but needs to wait on 1 outstanding Http requests:
[2019.02.15-08.40.27:831][265]LogHttp: Display: 	verb=[POST] url=[https://datarouter.ol.epicgames.com/datarouter/api/v1/public/data?SessionID=%7BE295F716-4E46-1129-EAD4-DFA0C386C6A5%7D&AppID=UEEditor.Rocket.Release&AppVersion=4.20.3-4369336%2B%2B%2BUE4%2BRelease-4.20&UserID=83b85b974a5d3a7f0dc0d1b947a8a94a%7C1b0d1587ca424623a9633c812948354e%7Ccb29fde5-97b4-4223-81a0-fcc346edd0f3&AppEnvironment=datacollector-binary&UploadType=eteventstream] status=Processing
[2019.02.15-08.40.27:864][265]LogModuleManager: Shutting down and abandoning module SSL (60)
[2019.02.15-08.40.27:864][265]LogModuleManager: Shutting down and abandoning module MagicLeapEmulator (56)
[2019.02.15-08.40.27:864][265]LogModuleManager: Shutting down and abandoning module MagicLeapPrivileges (54)
[2019.02.15-08.40.27:864][265]LogModuleManager: Shutting down and abandoning module MagicLeapIdentity (52)
[2019.02.15-08.40.27:864][265]LogModuleManager: Shutting down and abandoning module MagicLeapHelperVulkan (50)
[2019.02.15-08.40.27:864][265]LogModuleManager: Shutting down and abandoning module MagicLeapHelperOpenGL (48)
[2019.02.15-08.40.27:864][265]LogModuleManager: Shutting down and abandoning module MagicLeapSecureStorage (46)
[2019.02.15-08.40.27:864][265]LogModuleManager: Shutting down and abandoning module MagicLeapGestures (44)
[2019.02.15-08.40.27:864][265]LogModuleManager: Shutting down and abandoning module MagicLeapEyeTracker (42)
[2019.02.15-08.40.27:864][265]LogModuleManager: Shutting down and abandoning module MagicLeapController (40)
[2019.02.15-08.40.27:864][265]LogSlate: Slate User Destroyed.  User Index 0, Is Virtual User: 0
[2019.02.15-08.40.27:864][265]LogModuleManager: Shutting down and abandoning module MagicLeap (38)
[2019.02.15-08.40.27:864][265]LogModuleManager: Shutting down and abandoning module AnimationModifiers (36)
[2019.02.15-08.40.27:864][265]LogModuleManager: Shutting down and abandoning module PropertyEditor (35)
[2019.02.15-08.40.27:865][265]LogModuleManager: Shutting down and abandoning module AudioEditor (32)
[2019.02.15-08.40.27:865][265]LogModuleManager: Shutting down and abandoning module TextureCompressor (30)
[2019.02.15-08.40.27:865][265]LogModuleManager: Shutting down and abandoning module ShaderCore (28)
[2019.02.15-08.40.27:865][265]LogModuleManager: Shutting down and abandoning module Landscape (26)
[2019.02.15-08.40.27:865][265]LogModuleManager: Shutting down and abandoning module SlateRHIRenderer (24)
[2019.02.15-08.40.27:865][265]LogModuleManager: Shutting down and abandoning module OpenGLDrv (22)
[2019.02.15-08.40.27:865][265]LogModuleManager: Shutting down and abandoning module D3D11RHI (20)
[2019.02.15-08.40.27:865][265]LogModuleManager: Shutting down and abandoning module AnimGraphRuntime (18)
[2019.02.15-08.40.27:865][265]LogModuleManager: Shutting down and abandoning module Renderer (16)
[2019.02.15-08.40.27:865][265]LogModuleManager: Shutting down and abandoning module Engine (14)
[2019.02.15-08.40.27:865][265]LogModuleManager: Shutting down and abandoning module CoreUObject (12)
[2019.02.15-08.40.27:865][265]LogModuleManager: Shutting down and abandoning module NetworkFile (10)
[2019.02.15-08.40.27:865][265]LogModuleManager: Shutting down and abandoning module CookedIterativeFile (8)
[2019.02.15-08.40.27:865][265]LogModuleManager: Shutting down and abandoning module StreamingFile (6)
[2019.02.15-08.40.27:865][265]LogModuleManager: Shutting down and abandoning module SandboxFile (4)
[2019.02.15-08.40.27:865][265]LogModuleManager: Shutting down and abandoning module PakFile (2)
[2019.02.15-08.40.27:869][265]LogExit: Exiting.
[2019.02.15-08.40.27:884][265]Log file closed, 02/15/19 03:40:27
